{
  "stats": {
    "suites": 18,
    "tests": 23,
    "passes": 22,
    "pending": 0,
    "failures": 1,
    "start": "2021-06-20T13:10:23.053Z",
    "end": "2021-06-20T13:11:25.535Z",
    "duration": 62482,
    "testsRegistered": 45,
    "passPercent": 48.888888888888886,
    "pendingPercent": 0,
    "other": 9,
    "hasOther": true,
    "skipped": 22,
    "hasSkipped": true
  },
  "results": [
    {
      "uuid": "8856338f-0a31-45c7-b98f-9965fd249c5d",
      "title": "",
      "fullFile": "",
      "file": "",
      "beforeHooks": [],
      "afterHooks": [],
      "tests": [],
      "suites": [
        {
          "uuid": "0b79503c-818d-476b-9526-0ae7f21f42de",
          "title": "1 - [TELA DE LOGIN] Crie a tela de login, onde a pessoa que joga deve preencher as informações para iniciar um jogo",
          "fullFile": "",
          "file": "",
          "beforeHooks": [],
          "afterHooks": [],
          "tests": [
            {
              "title": "Escreve o nome da pessoa jogadora",
              "fullTitle": "1 - [TELA DE LOGIN] Crie a tela de login, onde a pessoa que joga deve preencher as informações para iniciar um jogo Escreve o nome da pessoa jogadora",
              "timedOut": null,
              "duration": 921,
              "state": "passed",
              "speed": "slow",
              "pass": true,
              "fail": false,
              "pending": false,
              "context": null,
              "code": "cy.get(INPUT_PLAYER_NAME_SELECTOR).type('Nome da pessoa');",
              "err": {},
              "uuid": "b1d33bce-c050-4b6c-bf02-62259690a52c",
              "parentUUID": "0b79503c-818d-476b-9526-0ae7f21f42de",
              "isHook": false,
              "skipped": false
            },
            {
              "title": "Escreve o email da pessoa jogadora",
              "fullTitle": "1 - [TELA DE LOGIN] Crie a tela de login, onde a pessoa que joga deve preencher as informações para iniciar um jogo Escreve o email da pessoa jogadora",
              "timedOut": null,
              "duration": 556,
              "state": "passed",
              "speed": "slow",
              "pass": true,
              "fail": false,
              "pending": false,
              "context": null,
              "code": "cy.get(INPUT_PLAYER_EMAIL_SELECTOR).type('email@pessoa.com');",
              "err": {},
              "uuid": "235092a0-3f8d-4b69-927a-0411b196c69c",
              "parentUUID": "0b79503c-818d-476b-9526-0ae7f21f42de",
              "isHook": false,
              "skipped": false
            },
            {
              "title": "Botão Jogar desabilitado quando pessoa jogadora não preencher nenhum campo",
              "fullTitle": "1 - [TELA DE LOGIN] Crie a tela de login, onde a pessoa que joga deve preencher as informações para iniciar um jogo Botão Jogar desabilitado quando pessoa jogadora não preencher nenhum campo",
              "timedOut": null,
              "duration": 116,
              "state": "passed",
              "speed": "slow",
              "pass": true,
              "fail": false,
              "pending": false,
              "context": null,
              "code": "cy.get(BUTTON_PLAY_SELECTOR).should('be.disabled');",
              "err": {},
              "uuid": "5d7e82d7-3819-414f-b9e3-5eca8664f9c9",
              "parentUUID": "0b79503c-818d-476b-9526-0ae7f21f42de",
              "isHook": false,
              "skipped": false
            },
            {
              "title": "Botão Jogar desabilitado quando pessoa jogadora escrever apenas o nome",
              "fullTitle": "1 - [TELA DE LOGIN] Crie a tela de login, onde a pessoa que joga deve preencher as informações para iniciar um jogo Botão Jogar desabilitado quando pessoa jogadora escrever apenas o nome",
              "timedOut": null,
              "duration": 458,
              "state": "passed",
              "speed": "slow",
              "pass": true,
              "fail": false,
              "pending": false,
              "context": null,
              "code": "cy.get(INPUT_PLAYER_NAME_SELECTOR).type('Nome da pessoa');\ncy.get(BUTTON_PLAY_SELECTOR).should('be.disabled');",
              "err": {},
              "uuid": "dfec16ea-698f-4d15-84a9-7bd156edb04f",
              "parentUUID": "0b79503c-818d-476b-9526-0ae7f21f42de",
              "isHook": false,
              "skipped": false
            },
            {
              "title": "Botão Jogar desabilitado quando pessoa jogadora escrever apenas o email",
              "fullTitle": "1 - [TELA DE LOGIN] Crie a tela de login, onde a pessoa que joga deve preencher as informações para iniciar um jogo Botão Jogar desabilitado quando pessoa jogadora escrever apenas o email",
              "timedOut": null,
              "duration": 511,
              "state": "passed",
              "speed": "slow",
              "pass": true,
              "fail": false,
              "pending": false,
              "context": null,
              "code": "cy.get(INPUT_PLAYER_EMAIL_SELECTOR).type('email@pessoa.com');\ncy.get(BUTTON_PLAY_SELECTOR).should('be.disabled');",
              "err": {},
              "uuid": "a5df79df-5a40-4af9-bfea-6f936c3b2110",
              "parentUUID": "0b79503c-818d-476b-9526-0ae7f21f42de",
              "isHook": false,
              "skipped": false
            },
            {
              "title": "Botão Jogar habilitado quando pessoa jogadora preencher os campos de nome e email",
              "fullTitle": "1 - [TELA DE LOGIN] Crie a tela de login, onde a pessoa que joga deve preencher as informações para iniciar um jogo Botão Jogar habilitado quando pessoa jogadora preencher os campos de nome e email",
              "timedOut": null,
              "duration": 884,
              "state": "passed",
              "speed": "slow",
              "pass": true,
              "fail": false,
              "pending": false,
              "context": null,
              "code": "cy.get(INPUT_PLAYER_NAME_SELECTOR).type('Nome da pessoa');\ncy.get(INPUT_PLAYER_EMAIL_SELECTOR).type('email@pessoa.com');\ncy.get(BUTTON_PLAY_SELECTOR).should('not.be.disabled');",
              "err": {},
              "uuid": "5955f739-c83b-4dd2-8b0b-6078f96bd419",
              "parentUUID": "0b79503c-818d-476b-9526-0ae7f21f42de",
              "isHook": false,
              "skipped": false
            }
          ],
          "suites": [],
          "passes": [
            "b1d33bce-c050-4b6c-bf02-62259690a52c",
            "235092a0-3f8d-4b69-927a-0411b196c69c",
            "5d7e82d7-3819-414f-b9e3-5eca8664f9c9",
            "dfec16ea-698f-4d15-84a9-7bd156edb04f",
            "a5df79df-5a40-4af9-bfea-6f936c3b2110",
            "5955f739-c83b-4dd2-8b0b-6078f96bd419"
          ],
          "failures": [],
          "pending": [],
          "skipped": [],
          "duration": 3446,
          "root": false,
          "rootEmpty": false,
          "_timeout": 2000
        },
        {
          "uuid": "47094148-a3e4-4f90-9a98-1b1dfaa7ece8",
          "title": "2 - [TELA DE LOGIN] Crie o botão de iniciar o jogo",
          "fullFile": "",
          "file": "",
          "beforeHooks": [],
          "afterHooks": [],
          "tests": [
            {
              "title": "Inicia jogo salvando um token de jogador",
              "fullTitle": "2 - [TELA DE LOGIN] Crie o botão de iniciar o jogo Inicia jogo salvando um token de jogador",
              "timedOut": null,
              "duration": 1633,
              "state": "passed",
              "speed": "slow",
              "pass": true,
              "fail": false,
              "pending": false,
              "context": null,
              "code": "cy.get(INPUT_PLAYER_NAME_SELECTOR).type('Nome da pessoa');\ncy.get(INPUT_PLAYER_EMAIL_SELECTOR).type('email@pessoa.com');\ncy.get(BUTTON_PLAY_SELECTOR).click().should(function () {\n  expect(localStorage.getItem(TOKEN_KEY)).not.to.be.null;\n});",
              "err": {},
              "uuid": "ce355ed2-9ad9-410f-a8c8-97a3b75dedaa",
              "parentUUID": "47094148-a3e4-4f90-9a98-1b1dfaa7ece8",
              "isHook": false,
              "skipped": false
            }
          ],
          "suites": [],
          "passes": [
            "ce355ed2-9ad9-410f-a8c8-97a3b75dedaa"
          ],
          "failures": [],
          "pending": [],
          "skipped": [],
          "duration": 1633,
          "root": false,
          "rootEmpty": false,
          "_timeout": 2000
        },
        {
          "uuid": "800c1e13-1629-4cd7-88a7-9b9627ec543c",
          "title": "3 - [TELA DE LOGIN] Crie um botão na tela inicial que leve para a tela de configurações",
          "fullFile": "",
          "file": "",
          "beforeHooks": [],
          "afterHooks": [],
          "tests": [
            {
              "title": "O botão deve existir na página",
              "fullTitle": "3 - [TELA DE LOGIN] Crie um botão na tela inicial que leve para a tela de configurações O botão deve existir na página",
              "timedOut": null,
              "duration": 154,
              "state": "passed",
              "speed": "slow",
              "pass": true,
              "fail": false,
              "pending": false,
              "context": null,
              "code": "cy.get(BUTTON_SETTINGS_SELECTOR).should('exist');",
              "err": {},
              "uuid": "b3a4f5b3-7abc-455f-99da-cbf409833453",
              "parentUUID": "800c1e13-1629-4cd7-88a7-9b9627ec543c",
              "isHook": false,
              "skipped": false
            },
            {
              "title": "A tela de configurações deve possuir um título",
              "fullTitle": "3 - [TELA DE LOGIN] Crie um botão na tela inicial que leve para a tela de configurações A tela de configurações deve possuir um título",
              "timedOut": null,
              "duration": 175,
              "state": "passed",
              "speed": "slow",
              "pass": true,
              "fail": false,
              "pending": false,
              "context": null,
              "code": "cy.get(BUTTON_SETTINGS_SELECTOR).click();\ncy.get(SETTINGS_TITLE_SELECTOR).should('exist');",
              "err": {},
              "uuid": "6057f45e-9c86-4de7-a72a-256350488dfe",
              "parentUUID": "800c1e13-1629-4cd7-88a7-9b9627ec543c",
              "isHook": false,
              "skipped": false
            }
          ],
          "suites": [],
          "passes": [
            "b3a4f5b3-7abc-455f-99da-cbf409833453",
            "6057f45e-9c86-4de7-a72a-256350488dfe"
          ],
          "failures": [],
          "pending": [],
          "skipped": [],
          "duration": 329,
          "root": false,
          "rootEmpty": false,
          "_timeout": 2000
        },
        {
          "uuid": "ce9e76e6-ec19-40d4-a372-850d70cb4255",
          "title": "4 - [TELA DE JOGO] Crie um _header_ que deve conter as informações da pessoa jogadora",
          "fullFile": "",
          "file": "",
          "beforeHooks": [],
          "afterHooks": [],
          "tests": [
            {
              "title": "A imagem do Gravatar está presente no header",
              "fullTitle": "4 - [TELA DE JOGO] Crie um _header_ que deve conter as informações da pessoa jogadora A imagem do Gravatar está presente no header",
              "timedOut": null,
              "duration": 1018,
              "state": "passed",
              "speed": "slow",
              "pass": true,
              "fail": false,
              "pending": false,
              "context": null,
              "code": "cy.get(HEADER_IMAGE_SELECTOR).should('exist');",
              "err": {},
              "uuid": "71bfb0d8-6e43-4642-b662-3a848ae00e0e",
              "parentUUID": "ce9e76e6-ec19-40d4-a372-850d70cb4255",
              "isHook": false,
              "skipped": false
            },
            {
              "title": "O nome da pessoa está presente no header",
              "fullTitle": "4 - [TELA DE JOGO] Crie um _header_ que deve conter as informações da pessoa jogadora O nome da pessoa está presente no header",
              "timedOut": null,
              "duration": 970,
              "state": "passed",
              "speed": "slow",
              "pass": true,
              "fail": false,
              "pending": false,
              "context": null,
              "code": "cy.get(HEADER_NAME_SELECTOR).contains(name);",
              "err": {},
              "uuid": "86280472-6ad8-4dda-b6c9-7cb5f151cf3b",
              "parentUUID": "ce9e76e6-ec19-40d4-a372-850d70cb4255",
              "isHook": false,
              "skipped": false
            },
            {
              "title": "O placar zerado está presente no header",
              "fullTitle": "4 - [TELA DE JOGO] Crie um _header_ que deve conter as informações da pessoa jogadora O placar zerado está presente no header",
              "timedOut": null,
              "duration": 972,
              "state": "passed",
              "speed": "slow",
              "pass": true,
              "fail": false,
              "pending": false,
              "context": null,
              "code": "cy.get(HEADER_SCORE_SELECTOR).contains('0');",
              "err": {},
              "uuid": "b6033d96-7a5c-4831-8096-088a4e842749",
              "parentUUID": "ce9e76e6-ec19-40d4-a372-850d70cb4255",
              "isHook": false,
              "skipped": false
            }
          ],
          "suites": [],
          "passes": [
            "71bfb0d8-6e43-4642-b662-3a848ae00e0e",
            "86280472-6ad8-4dda-b6c9-7cb5f151cf3b",
            "b6033d96-7a5c-4831-8096-088a4e842749"
          ],
          "failures": [],
          "pending": [],
          "skipped": [],
          "duration": 2960,
          "root": false,
          "rootEmpty": false,
          "_timeout": 2000
        },
        {
          "uuid": "5080d234-ef6b-4e72-905d-a4351479d747",
          "title": "5 - [TELA DE JOGO] Crie a página de jogo que deve conter as informações relacionadas à pergunta",
          "fullFile": "",
          "file": "",
          "beforeHooks": [],
          "afterHooks": [],
          "tests": [
            {
              "title": "A categoria da pergunta está presente",
              "fullTitle": "5 - [TELA DE JOGO] Crie a página de jogo que deve conter as informações relacionadas à pergunta A categoria da pergunta está presente",
              "timedOut": null,
              "duration": 1346,
              "state": "passed",
              "speed": "slow",
              "pass": true,
              "fail": false,
              "pending": false,
              "context": null,
              "code": "cy.get(QUESTION_CATEGORY_SELECTOR).should('exist');",
              "err": {},
              "uuid": "d8f6c441-cd35-4da1-8403-19b7af09cd0e",
              "parentUUID": "5080d234-ef6b-4e72-905d-a4351479d747",
              "isHook": false,
              "skipped": false
            },
            {
              "title": "O texto da pergunta está presente",
              "fullTitle": "5 - [TELA DE JOGO] Crie a página de jogo que deve conter as informações relacionadas à pergunta O texto da pergunta está presente",
              "timedOut": null,
              "duration": 1298,
              "state": "passed",
              "speed": "slow",
              "pass": true,
              "fail": false,
              "pending": false,
              "context": null,
              "code": "cy.get(QUESTION_TEXT_SELECTOR).should('exist');",
              "err": {},
              "uuid": "d3ba2bee-8c13-46fe-b535-f4c6bc1a45b7",
              "parentUUID": "5080d234-ef6b-4e72-905d-a4351479d747",
              "isHook": false,
              "skipped": false
            },
            {
              "title": "As alternativas devem estar presentes",
              "fullTitle": "5 - [TELA DE JOGO] Crie a página de jogo que deve conter as informações relacionadas à pergunta As alternativas devem estar presentes",
              "timedOut": null,
              "duration": 1336,
              "state": "passed",
              "speed": "slow",
              "pass": true,
              "fail": false,
              "pending": false,
              "context": null,
              "code": "cy.get(CORRECT_ALTERNATIVE_SELECTOR).should('exist');\ncy.get(WRONG_ALTERNATIVES_SELECTOR).should('exist');",
              "err": {},
              "uuid": "06ba1fa4-03fe-4f13-96fd-468800d99cf5",
              "parentUUID": "5080d234-ef6b-4e72-905d-a4351479d747",
              "isHook": false,
              "skipped": false
            }
          ],
          "suites": [],
          "passes": [
            "d8f6c441-cd35-4da1-8403-19b7af09cd0e",
            "d3ba2bee-8c13-46fe-b535-f4c6bc1a45b7",
            "06ba1fa4-03fe-4f13-96fd-468800d99cf5"
          ],
          "failures": [],
          "pending": [],
          "skipped": [],
          "duration": 3980,
          "root": false,
          "rootEmpty": false,
          "_timeout": 2000
        },
        {
          "uuid": "eb2a62d4-8f84-4e00-bc43-a11425f8e23d",
          "title": "6 - [TELA DE JOGO] Desenvolva o jogo onde só deve ser possível escolher uma resposta correta por pergunta",
          "fullFile": "",
          "file": "",
          "beforeHooks": [],
          "afterHooks": [],
          "tests": [
            {
              "title": "A quantidade de respostas corretas deve ser 1",
              "fullTitle": "6 - [TELA DE JOGO] Desenvolva o jogo onde só deve ser possível escolher uma resposta correta por pergunta A quantidade de respostas corretas deve ser 1",
              "timedOut": null,
              "duration": 1295,
              "state": "passed",
              "speed": "slow",
              "pass": true,
              "fail": false,
              "pending": false,
              "context": null,
              "code": "cy.get(CORRECT_ALTERNATIVE_SELECTOR).should('have.length', 1);",
              "err": {},
              "uuid": "beb0d452-78e8-4850-9c81-49033763ff64",
              "parentUUID": "eb2a62d4-8f84-4e00-bc43-a11425f8e23d",
              "isHook": false,
              "skipped": false
            }
          ],
          "suites": [],
          "passes": [
            "beb0d452-78e8-4850-9c81-49033763ff64"
          ],
          "failures": [],
          "pending": [],
          "skipped": [],
          "duration": 1295,
          "root": false,
          "rootEmpty": false,
          "_timeout": 2000
        },
        {
          "uuid": "d1633c44-d6fe-4c3f-96a4-bb0bec4d329f",
          "title": "7 - [TELA DE JOGO] Desenvolva o estilo que, ao clicar em uma resposta, a correta deve ficar verde e as incorretas, vermelhas",
          "fullFile": "",
          "file": "",
          "beforeHooks": [],
          "afterHooks": [],
          "tests": [
            {
              "title": "Verifica cor da alternativa correta quando acerta a questão",
              "fullTitle": "7 - [TELA DE JOGO] Desenvolva o estilo que, ao clicar em uma resposta, a correta deve ficar verde e as incorretas, vermelhas Verifica cor da alternativa correta quando acerta a questão",
              "timedOut": null,
              "duration": 1406,
              "state": "passed",
              "speed": "slow",
              "pass": true,
              "fail": false,
              "pending": false,
              "context": null,
              "code": "cy.get(CORRECT_ALTERNATIVE_SELECTOR).click();\ncy.get(CORRECT_ALTERNATIVE_SELECTOR).should('have.css', 'border-color', 'rgb(6, 240, 15)');\ncy.get(CORRECT_ALTERNATIVE_SELECTOR).should('have.css', 'border-style', 'solid');\ncy.get(CORRECT_ALTERNATIVE_SELECTOR).should('have.css', 'border-width', '3px');",
              "err": {},
              "uuid": "00f72730-451e-4351-8823-d5864401def8",
              "parentUUID": "d1633c44-d6fe-4c3f-96a4-bb0bec4d329f",
              "isHook": false,
              "skipped": false
            },
            {
              "title": "Verifica a cor das alternativas incorretas quando acerta a questão",
              "fullTitle": "7 - [TELA DE JOGO] Desenvolva o estilo que, ao clicar em uma resposta, a correta deve ficar verde e as incorretas, vermelhas Verifica a cor das alternativas incorretas quando acerta a questão",
              "timedOut": null,
              "duration": 1418,
              "state": "passed",
              "speed": "slow",
              "pass": true,
              "fail": false,
              "pending": false,
              "context": null,
              "code": "cy.get(CORRECT_ALTERNATIVE_SELECTOR).click();\ncy.get(WRONG_ALTERNATIVES_SELECTOR).should('have.css', 'border-color', 'rgb(255, 0, 0)');\ncy.get(WRONG_ALTERNATIVES_SELECTOR).should('have.css', 'border-style', 'solid');\ncy.get(WRONG_ALTERNATIVES_SELECTOR).should('have.css', 'border-width', '3px');",
              "err": {},
              "uuid": "016542c1-bddc-46fe-b4ae-272802905353",
              "parentUUID": "d1633c44-d6fe-4c3f-96a4-bb0bec4d329f",
              "isHook": false,
              "skipped": false
            },
            {
              "title": "Verifica cor da alternativa correta quando erra a questão",
              "fullTitle": "7 - [TELA DE JOGO] Desenvolva o estilo que, ao clicar em uma resposta, a correta deve ficar verde e as incorretas, vermelhas Verifica cor da alternativa correta quando erra a questão",
              "timedOut": null,
              "duration": 1421,
              "state": "passed",
              "speed": "slow",
              "pass": true,
              "fail": false,
              "pending": false,
              "context": null,
              "code": "cy.get(WRONG_ALTERNATIVES_SELECTOR).first().click();\ncy.get(CORRECT_ALTERNATIVE_SELECTOR).should('have.css', 'border-color', 'rgb(6, 240, 15)');\ncy.get(CORRECT_ALTERNATIVE_SELECTOR).should('have.css', 'border-style', 'solid');\ncy.get(CORRECT_ALTERNATIVE_SELECTOR).should('have.css', 'border-width', '3px');",
              "err": {},
              "uuid": "d5621add-9569-40c1-b1e0-bc2cfda78ecf",
              "parentUUID": "d1633c44-d6fe-4c3f-96a4-bb0bec4d329f",
              "isHook": false,
              "skipped": false
            },
            {
              "title": "Verifica a cor das alternativas incorretas quando erra a questão",
              "fullTitle": "7 - [TELA DE JOGO] Desenvolva o estilo que, ao clicar em uma resposta, a correta deve ficar verde e as incorretas, vermelhas Verifica a cor das alternativas incorretas quando erra a questão",
              "timedOut": null,
              "duration": 1415,
              "state": "passed",
              "speed": "slow",
              "pass": true,
              "fail": false,
              "pending": false,
              "context": null,
              "code": "cy.get(WRONG_ALTERNATIVES_SELECTOR).first().click();\ncy.get(WRONG_ALTERNATIVES_SELECTOR).should('have.css', 'border-color', 'rgb(255, 0, 0)');\ncy.get(WRONG_ALTERNATIVES_SELECTOR).should('have.css', 'border-style', 'solid');\ncy.get(WRONG_ALTERNATIVES_SELECTOR).should('have.css', 'border-width', '3px');",
              "err": {},
              "uuid": "0771221c-02a9-437c-b695-8ed4510d49ca",
              "parentUUID": "d1633c44-d6fe-4c3f-96a4-bb0bec4d329f",
              "isHook": false,
              "skipped": false
            }
          ],
          "suites": [],
          "passes": [
            "00f72730-451e-4351-8823-d5864401def8",
            "016542c1-bddc-46fe-b4ae-272802905353",
            "d5621add-9569-40c1-b1e0-bc2cfda78ecf",
            "0771221c-02a9-437c-b695-8ed4510d49ca"
          ],
          "failures": [],
          "pending": [],
          "skipped": [],
          "duration": 5660,
          "root": false,
          "rootEmpty": false,
          "_timeout": 2000
        },
        {
          "uuid": "7f756fe6-ad37-4652-8130-abc6db3f003f",
          "title": "8 - [TELA DE JOGO] Desenvolva um timer onde a pessoa que joga tem 30 segundos para responder",
          "fullFile": "",
          "file": "",
          "beforeHooks": [],
          "afterHooks": [],
          "tests": [
            {
              "title": "Aguarda 5 segundos e responde a alternativa correta",
              "fullTitle": "8 - [TELA DE JOGO] Desenvolva um timer onde a pessoa que joga tem 30 segundos para responder Aguarda 5 segundos e responde a alternativa correta",
              "timedOut": null,
              "duration": 6126,
              "state": "passed",
              "speed": "slow",
              "pass": true,
              "fail": false,
              "pending": false,
              "context": null,
              "code": "cy.wait(5000);\ncy.get(CORRECT_ALTERNATIVE_SELECTOR).should('not.be.disabled').click();",
              "err": {},
              "uuid": "0d5b6bbb-9704-4ef8-b99f-74917104b3d7",
              "parentUUID": "7f756fe6-ad37-4652-8130-abc6db3f003f",
              "isHook": false,
              "skipped": false
            },
            {
              "title": "Aguarda mais de 30 segundos para responder",
              "fullTitle": "8 - [TELA DE JOGO] Desenvolva um timer onde a pessoa que joga tem 30 segundos para responder Aguarda mais de 30 segundos para responder",
              "timedOut": null,
              "duration": 33003,
              "state": "passed",
              "speed": "slow",
              "pass": true,
              "fail": false,
              "pending": false,
              "context": null,
              "code": "cy.wait(32000);\ncy.get(CORRECT_ALTERNATIVE_SELECTOR).should('be.disabled');",
              "err": {},
              "uuid": "7d638692-03e5-4c9b-ac01-cb4a98aae716",
              "parentUUID": "7f756fe6-ad37-4652-8130-abc6db3f003f",
              "isHook": false,
              "skipped": false
            }
          ],
          "suites": [],
          "passes": [
            "0d5b6bbb-9704-4ef8-b99f-74917104b3d7",
            "7d638692-03e5-4c9b-ac01-cb4a98aae716"
          ],
          "failures": [],
          "pending": [],
          "skipped": [],
          "duration": 39129,
          "root": false,
          "rootEmpty": false,
          "_timeout": 2000
        },
        {
          "uuid": "155c1333-2600-49bb-a192-a9193b66d231",
          "title": "9 - [TELA DE JOGO] Crie o placar com as seguintes características:",
          "fullFile": "",
          "file": "",
          "beforeHooks": [],
          "afterHooks": [],
          "tests": [
            {
              "title": "Soma pontos ao acertar uma questão",
              "fullTitle": "9 - [TELA DE JOGO] Crie o placar com as seguintes características: Soma pontos ao acertar uma questão",
              "timedOut": null,
              "duration": 582,
              "state": "failed",
              "speed": null,
              "pass": false,
              "fail": true,
              "pending": false,
              "context": null,
              "code": "var then = JSON.parse(localStorage.getItem(LOCAL_STORAGE_STATE_KEY));\ncy.get(CORRECT_ALTERNATIVE_SELECTOR).click().then(function () {\n  var now = JSON.parse(localStorage.getItem(LOCAL_STORAGE_STATE_KEY));\n  expect(then.player.score).to.be.lt(now.player.score);\n});",
              "err": {
                "message": "Uncaught Error: Module build failed (from ./node_modules/babel-loader/lib/index.js):\nSyntaxError: /home/alexandremolive/Documents/sd-010-a-project-trivia-react-redux/src/pages/Feedback.js: Unexpected token (21:2)\n\n  19 |   getScoreStorage() {\n  20 |     const scoreStorage = \n> 21 |   }\n     |   ^\n  22 | \n  23 |   render() {\n  24 |     const { getName, getUrl, getScore } = this.props;\n    at Object.raise (/home/alexandremolive/Documents/sd-010-a-project-trivia-react-redux/node_modules/@babel/parser/lib/index.js:7012:17)\n    at Object.unexpected (/home/alexandremolive/Documents/sd-010-a-project-trivia-react-redux/node_modules/@babel/parser/lib/index.js:8405:16)\n    at Object.parseExprAtom (/home/alexandremolive/Documents/sd-010-a-project-trivia-react-redux/node_modules/@babel/parser/lib/index.js:9661:20)\n    at Object.parseExprAtom (/home/alexandremolive/Documents/sd-010-a-project-trivia-react-redux/node_modules/@babel/parser/lib/index.js:4126:20)\n    at Object.parseExprSubscripts (/home/alexandremolive/Documents/sd-010-a-project-trivia-react-redux/node_modules/@babel/parser/lib/index.js:9237:23)\n    at Object.parseMaybeUnary (/home/alexandremolive/Documents/sd-010-a-project-trivia-react-redux/node_modules/@babel/parser/lib/index.js:9217:21)\n    at Object.parseExprOps (/home/alexandremolive/Documents/sd-010-a-project-trivia-react-redux/node_modules/@babel/parser/lib/index.js:9083:23)\n    at Object.parseMaybeConditional (/home/alexandremolive/Documents/sd-010-a-project-trivia-react-redux/node_modules/@babel/parser/lib/index.js:9056:23)\n    at Object.parseMaybeAssign (/home/alexandremolive/Documents/sd-010-a-project-trivia-react-redux/node_modules/@babel/parser/lib/index.js:9015:21)\n    at Object.parseMaybeAssign (/home/alexandremolive/Documents/sd-010-a-project-trivia-react-redux/node_modules/@babel/parser/lib/index.js:2774:18)\n    at Object.parseVar (/home/alexandremolive/Documents/sd-010-a-project-trivia-react-redux/node_modules/@babel/parser/lib/index.js:11341:26)\n    at Object.parseVarStatement (/home/alexandremolive/Documents/sd-010-a-project-trivia-react-redux/node_modules/@babel/parser/lib/index.js:11160:10)\n    at Object.parseStatementContent (/home/alexandremolive/Documents/sd-010-a-project-trivia-react-redux/node_modules/@babel/parser/lib/index.js:10757:21)\n    at Object.parseStatement (/home/alexandremolive/Documents/sd-010-a-project-trivia-react-redux/node_modules/@babel/parser/lib/index.js:10690:17)\n    at Object.parseStatement (/home/alexandremolive/Documents/sd-010-a-project-trivia-react-redux/node_modules/@babel/parser/lib/index.js:2079:26)\n    at Object.parseBlockOrModuleBlockBody (/home/alexandremolive/Documents/sd-010-a-project-trivia-react-redux/node_modules/@babel/parser/lib/index.js:11266:25)\n\nThis error originated from your application code, not from Cypress.\n\nWhen Cypress detects uncaught errors originating from your application it will automatically fail the current test.\n\nThis behavior is configurable, and you can choose to turn this off by listening to the 'uncaught:exception' event.\n\nhttps://on.cypress.io/uncaught-exception-from-application\n\nBecause this error occurred during a 'before each' hook we are skipping the remaining tests in the current suite: '9 - [TELA DE JOGO] Crie o p...'",
                "estack": "Uncaught Error: Module build failed (from ./node_modules/babel-loader/lib/index.js):\nSyntaxError: /home/alexandremolive/Documents/sd-010-a-project-trivia-react-redux/src/pages/Feedback.js: Unexpected token (21:2)\n\n  19 |   getScoreStorage() {\n  20 |     const scoreStorage = \n> 21 |   }\n     |   ^\n  22 | \n  23 |   render() {\n  24 |     const { getName, getUrl, getScore } = this.props;\n    at Object.raise (/home/alexandremolive/Documents/sd-010-a-project-trivia-react-redux/node_modules/@babel/parser/lib/index.js:7012:17)\n    at Object.unexpected (/home/alexandremolive/Documents/sd-010-a-project-trivia-react-redux/node_modules/@babel/parser/lib/index.js:8405:16)\n    at Object.parseExprAtom (/home/alexandremolive/Documents/sd-010-a-project-trivia-react-redux/node_modules/@babel/parser/lib/index.js:9661:20)\n    at Object.parseExprAtom (/home/alexandremolive/Documents/sd-010-a-project-trivia-react-redux/node_modules/@babel/parser/lib/index.js:4126:20)\n    at Object.parseExprSubscripts (/home/alexandremolive/Documents/sd-010-a-project-trivia-react-redux/node_modules/@babel/parser/lib/index.js:9237:23)\n    at Object.parseMaybeUnary (/home/alexandremolive/Documents/sd-010-a-project-trivia-react-redux/node_modules/@babel/parser/lib/index.js:9217:21)\n    at Object.parseExprOps (/home/alexandremolive/Documents/sd-010-a-project-trivia-react-redux/node_modules/@babel/parser/lib/index.js:9083:23)\n    at Object.parseMaybeConditional (/home/alexandremolive/Documents/sd-010-a-project-trivia-react-redux/node_modules/@babel/parser/lib/index.js:9056:23)\n    at Object.parseMaybeAssign (/home/alexandremolive/Documents/sd-010-a-project-trivia-react-redux/node_modules/@babel/parser/lib/index.js:9015:21)\n    at Object.parseMaybeAssign (/home/alexandremolive/Documents/sd-010-a-project-trivia-react-redux/node_modules/@babel/parser/lib/index.js:2774:18)\n    at Object.parseVar (/home/alexandremolive/Documents/sd-010-a-project-trivia-react-redux/node_modules/@babel/parser/lib/index.js:11341:26)\n    at Object.parseVarStatement (/home/alexandremolive/Documents/sd-010-a-project-trivia-react-redux/node_modules/@babel/parser/lib/index.js:11160:10)\n    at Object.parseStatementContent (/home/alexandremolive/Documents/sd-010-a-project-trivia-react-redux/node_modules/@babel/parser/lib/index.js:10757:21)\n    at Object.parseStatement (/home/alexandremolive/Documents/sd-010-a-project-trivia-react-redux/node_modules/@babel/parser/lib/index.js:10690:17)\n    at Object.parseStatement (/home/alexandremolive/Documents/sd-010-a-project-trivia-react-redux/node_modules/@babel/parser/lib/index.js:2079:26)\n    at Object.parseBlockOrModuleBlockBody (/home/alexandremolive/Documents/sd-010-a-project-trivia-react-redux/node_modules/@babel/parser/lib/index.js:11266:25)\n\nThis error originated from your application code, not from Cypress.\n\nWhen Cypress detects uncaught errors originating from your application it will automatically fail the current test.\n\nThis behavior is configurable, and you can choose to turn this off by listening to the 'uncaught:exception' event.\n\nhttps://on.cypress.io/uncaught-exception-from-application\n\nBecause this error occurred during a 'before each' hook we are skipping the remaining tests in the current suite: '9 - [TELA DE JOGO] Crie o p...'\n    at Object../src/pages/Feedback.js (http://localhost:3000/static/js/main.chunk.js:354:7)\n    at __webpack_require__ (http://localhost:3000/static/js/bundle.js:786:30)\n    at fn (http://localhost:3000/static/js/bundle.js:151:20)\n    at Module../src/App.js (http://localhost:3000/static/js/main.chunk.js:111:73)\n    at __webpack_require__ (http://localhost:3000/static/js/bundle.js:786:30)\n    at fn (http://localhost:3000/static/js/bundle.js:151:20)\n    at Module../src/index.js (http://localhost:3000/static/js/main.chunk.js:311:62)\n    at __webpack_require__ (http://localhost:3000/static/js/bundle.js:786:30)\n    at fn (http://localhost:3000/static/js/bundle.js:151:20)\n    at Object.1 (http://localhost:3000/static/js/main.chunk.js:1456:18)\n    at __webpack_require__ (http://localhost:3000/static/js/bundle.js:786:30)\n    at checkDeferredModules (http://localhost:3000/static/js/bundle.js:46:23)\n    at Array.webpackJsonpCallback [as push] (http://localhost:3000/static/js/bundle.js:33:19)\n    at http://localhost:3000/static/js/main.chunk.js:1:75",
                "diff": null
              },
              "uuid": "783bd3bc-af40-4124-91f2-52b01a34803a",
              "parentUUID": "155c1333-2600-49bb-a192-a9193b66d231",
              "isHook": false,
              "skipped": false
            },
            {
              "title": "Não soma pontos ao errar uma questão",
              "fullTitle": "9 - [TELA DE JOGO] Crie o placar com as seguintes características: Não soma pontos ao errar uma questão",
              "timedOut": null,
              "duration": 0,
              "state": "skipped",
              "speed": null,
              "pass": false,
              "fail": false,
              "pending": false,
              "context": null,
              "code": "var then = JSON.parse(localStorage.getItem(LOCAL_STORAGE_STATE_KEY));\ncy.get(WRONG_ALTERNATIVES_SELECTOR).first().click().then(function () {\n  var now = JSON.parse(localStorage.getItem(LOCAL_STORAGE_STATE_KEY));\n  expect(then.player.score).to.be.eq(now.player.score);\n});",
              "err": {},
              "uuid": "2aa18873-bf3e-4694-9f34-0fb5e51677e3",
              "parentUUID": "155c1333-2600-49bb-a192-a9193b66d231",
              "isHook": false,
              "skipped": true
            }
          ],
          "suites": [],
          "passes": [],
          "failures": [
            "783bd3bc-af40-4124-91f2-52b01a34803a"
          ],
          "pending": [],
          "skipped": [
            "2aa18873-bf3e-4694-9f34-0fb5e51677e3"
          ],
          "duration": 582,
          "root": false,
          "rootEmpty": false,
          "_timeout": 2000
        },
        {
          "uuid": "eab1549f-d5d3-4445-b9e4-51f7fe77b099",
          "title": "10 - [TELA DE JOGO] Crie um botão de \"Próxima\" que apareça após a resposta ser dada",
          "fullFile": "",
          "file": "",
          "beforeHooks": [],
          "afterHooks": [],
          "tests": [
            {
              "title": "O botão de próxima pergunta não deve ser visível o início do jogo",
              "fullTitle": "10 - [TELA DE JOGO] Crie um botão de \"Próxima\" que apareça após a resposta ser dada O botão de próxima pergunta não deve ser visível o início do jogo",
              "timedOut": null,
              "duration": 255,
              "state": "failed",
              "speed": null,
              "pass": false,
              "fail": true,
              "pending": false,
              "context": null,
              "code": "cy.get(BUTTON_NEXT_QUESTION_SELECTOR).should('not.be.visible');",
              "err": {
                "message": "Uncaught Error: Module build failed (from ./node_modules/babel-loader/lib/index.js):\nSyntaxError: /home/alexandremolive/Documents/sd-010-a-project-trivia-react-redux/src/pages/Feedback.js: Unexpected token (21:2)\n\n  19 |   getScoreStorage() {\n  20 |     const scoreStorage = \n> 21 |   }\n     |   ^\n  22 | \n  23 |   render() {\n  24 |     const { getName, getUrl, getScore } = this.props;\n    at Object.raise (/home/alexandremolive/Documents/sd-010-a-project-trivia-react-redux/node_modules/@babel/parser/lib/index.js:7012:17)\n    at Object.unexpected (/home/alexandremolive/Documents/sd-010-a-project-trivia-react-redux/node_modules/@babel/parser/lib/index.js:8405:16)\n    at Object.parseExprAtom (/home/alexandremolive/Documents/sd-010-a-project-trivia-react-redux/node_modules/@babel/parser/lib/index.js:9661:20)\n    at Object.parseExprAtom (/home/alexandremolive/Documents/sd-010-a-project-trivia-react-redux/node_modules/@babel/parser/lib/index.js:4126:20)\n    at Object.parseExprSubscripts (/home/alexandremolive/Documents/sd-010-a-project-trivia-react-redux/node_modules/@babel/parser/lib/index.js:9237:23)\n    at Object.parseMaybeUnary (/home/alexandremolive/Documents/sd-010-a-project-trivia-react-redux/node_modules/@babel/parser/lib/index.js:9217:21)\n    at Object.parseExprOps (/home/alexandremolive/Documents/sd-010-a-project-trivia-react-redux/node_modules/@babel/parser/lib/index.js:9083:23)\n    at Object.parseMaybeConditional (/home/alexandremolive/Documents/sd-010-a-project-trivia-react-redux/node_modules/@babel/parser/lib/index.js:9056:23)\n    at Object.parseMaybeAssign (/home/alexandremolive/Documents/sd-010-a-project-trivia-react-redux/node_modules/@babel/parser/lib/index.js:9015:21)\n    at Object.parseMaybeAssign (/home/alexandremolive/Documents/sd-010-a-project-trivia-react-redux/node_modules/@babel/parser/lib/index.js:2774:18)\n    at Object.parseVar (/home/alexandremolive/Documents/sd-010-a-project-trivia-react-redux/node_modules/@babel/parser/lib/index.js:11341:26)\n    at Object.parseVarStatement (/home/alexandremolive/Documents/sd-010-a-project-trivia-react-redux/node_modules/@babel/parser/lib/index.js:11160:10)\n    at Object.parseStatementContent (/home/alexandremolive/Documents/sd-010-a-project-trivia-react-redux/node_modules/@babel/parser/lib/index.js:10757:21)\n    at Object.parseStatement (/home/alexandremolive/Documents/sd-010-a-project-trivia-react-redux/node_modules/@babel/parser/lib/index.js:10690:17)\n    at Object.parseStatement (/home/alexandremolive/Documents/sd-010-a-project-trivia-react-redux/node_modules/@babel/parser/lib/index.js:2079:26)\n    at Object.parseBlockOrModuleBlockBody (/home/alexandremolive/Documents/sd-010-a-project-trivia-react-redux/node_modules/@babel/parser/lib/index.js:11266:25)\n\nThis error originated from your application code, not from Cypress.\n\nWhen Cypress detects uncaught errors originating from your application it will automatically fail the current test.\n\nThis behavior is configurable, and you can choose to turn this off by listening to the 'uncaught:exception' event.\n\nhttps://on.cypress.io/uncaught-exception-from-application\n\nBecause this error occurred during a 'before each' hook we are skipping the remaining tests in the current suite: '10 - [TELA DE JOGO] Crie um...'",
                "estack": "Uncaught Error: Module build failed (from ./node_modules/babel-loader/lib/index.js):\nSyntaxError: /home/alexandremolive/Documents/sd-010-a-project-trivia-react-redux/src/pages/Feedback.js: Unexpected token (21:2)\n\n  19 |   getScoreStorage() {\n  20 |     const scoreStorage = \n> 21 |   }\n     |   ^\n  22 | \n  23 |   render() {\n  24 |     const { getName, getUrl, getScore } = this.props;\n    at Object.raise (/home/alexandremolive/Documents/sd-010-a-project-trivia-react-redux/node_modules/@babel/parser/lib/index.js:7012:17)\n    at Object.unexpected (/home/alexandremolive/Documents/sd-010-a-project-trivia-react-redux/node_modules/@babel/parser/lib/index.js:8405:16)\n    at Object.parseExprAtom (/home/alexandremolive/Documents/sd-010-a-project-trivia-react-redux/node_modules/@babel/parser/lib/index.js:9661:20)\n    at Object.parseExprAtom (/home/alexandremolive/Documents/sd-010-a-project-trivia-react-redux/node_modules/@babel/parser/lib/index.js:4126:20)\n    at Object.parseExprSubscripts (/home/alexandremolive/Documents/sd-010-a-project-trivia-react-redux/node_modules/@babel/parser/lib/index.js:9237:23)\n    at Object.parseMaybeUnary (/home/alexandremolive/Documents/sd-010-a-project-trivia-react-redux/node_modules/@babel/parser/lib/index.js:9217:21)\n    at Object.parseExprOps (/home/alexandremolive/Documents/sd-010-a-project-trivia-react-redux/node_modules/@babel/parser/lib/index.js:9083:23)\n    at Object.parseMaybeConditional (/home/alexandremolive/Documents/sd-010-a-project-trivia-react-redux/node_modules/@babel/parser/lib/index.js:9056:23)\n    at Object.parseMaybeAssign (/home/alexandremolive/Documents/sd-010-a-project-trivia-react-redux/node_modules/@babel/parser/lib/index.js:9015:21)\n    at Object.parseMaybeAssign (/home/alexandremolive/Documents/sd-010-a-project-trivia-react-redux/node_modules/@babel/parser/lib/index.js:2774:18)\n    at Object.parseVar (/home/alexandremolive/Documents/sd-010-a-project-trivia-react-redux/node_modules/@babel/parser/lib/index.js:11341:26)\n    at Object.parseVarStatement (/home/alexandremolive/Documents/sd-010-a-project-trivia-react-redux/node_modules/@babel/parser/lib/index.js:11160:10)\n    at Object.parseStatementContent (/home/alexandremolive/Documents/sd-010-a-project-trivia-react-redux/node_modules/@babel/parser/lib/index.js:10757:21)\n    at Object.parseStatement (/home/alexandremolive/Documents/sd-010-a-project-trivia-react-redux/node_modules/@babel/parser/lib/index.js:10690:17)\n    at Object.parseStatement (/home/alexandremolive/Documents/sd-010-a-project-trivia-react-redux/node_modules/@babel/parser/lib/index.js:2079:26)\n    at Object.parseBlockOrModuleBlockBody (/home/alexandremolive/Documents/sd-010-a-project-trivia-react-redux/node_modules/@babel/parser/lib/index.js:11266:25)\n\nThis error originated from your application code, not from Cypress.\n\nWhen Cypress detects uncaught errors originating from your application it will automatically fail the current test.\n\nThis behavior is configurable, and you can choose to turn this off by listening to the 'uncaught:exception' event.\n\nhttps://on.cypress.io/uncaught-exception-from-application\n\nBecause this error occurred during a 'before each' hook we are skipping the remaining tests in the current suite: '10 - [TELA DE JOGO] Crie um...'\n    at Object../src/pages/Feedback.js (http://localhost:3000/static/js/main.chunk.js:354:7)\n    at __webpack_require__ (http://localhost:3000/static/js/bundle.js:786:30)\n    at fn (http://localhost:3000/static/js/bundle.js:151:20)\n    at Module../src/App.js (http://localhost:3000/static/js/main.chunk.js:111:73)\n    at __webpack_require__ (http://localhost:3000/static/js/bundle.js:786:30)\n    at fn (http://localhost:3000/static/js/bundle.js:151:20)\n    at Module../src/index.js (http://localhost:3000/static/js/main.chunk.js:311:62)\n    at __webpack_require__ (http://localhost:3000/static/js/bundle.js:786:30)\n    at fn (http://localhost:3000/static/js/bundle.js:151:20)\n    at Object.1 (http://localhost:3000/static/js/main.chunk.js:1456:18)\n    at __webpack_require__ (http://localhost:3000/static/js/bundle.js:786:30)\n    at checkDeferredModules (http://localhost:3000/static/js/bundle.js:46:23)\n    at Array.webpackJsonpCallback [as push] (http://localhost:3000/static/js/bundle.js:33:19)\n    at http://localhost:3000/static/js/main.chunk.js:1:75",
                "diff": null
              },
              "uuid": "94f2e6a3-4459-49a3-a607-f7d902e39a3f",
              "parentUUID": "eab1549f-d5d3-4445-b9e4-51f7fe77b099",
              "isHook": false,
              "skipped": false
            },
            {
              "title": "Botão de próxima pergunta é visível quando a pergunta é respondida corretamente",
              "fullTitle": "10 - [TELA DE JOGO] Crie um botão de \"Próxima\" que apareça após a resposta ser dada Botão de próxima pergunta é visível quando a pergunta é respondida corretamente",
              "timedOut": null,
              "duration": 0,
              "state": "skipped",
              "speed": null,
              "pass": false,
              "fail": false,
              "pending": false,
              "context": null,
              "code": "cy.get(CORRECT_ALTERNATIVE_SELECTOR).click();\ncy.get(BUTTON_NEXT_QUESTION_SELECTOR).should('be.visible');",
              "err": {},
              "uuid": "b4ab883f-cf40-4372-b10c-dc01b495f016",
              "parentUUID": "eab1549f-d5d3-4445-b9e4-51f7fe77b099",
              "isHook": false,
              "skipped": true
            },
            {
              "title": "Botão de próxima pergunta é visível quando a pergunta é respondida incorretamente",
              "fullTitle": "10 - [TELA DE JOGO] Crie um botão de \"Próxima\" que apareça após a resposta ser dada Botão de próxima pergunta é visível quando a pergunta é respondida incorretamente",
              "timedOut": null,
              "duration": 0,
              "state": "skipped",
              "speed": null,
              "pass": false,
              "fail": false,
              "pending": false,
              "context": null,
              "code": "cy.get(WRONG_ALTERNATIVES_SELECTOR).first().click();\ncy.get(BUTTON_NEXT_QUESTION_SELECTOR).should('be.visible');",
              "err": {},
              "uuid": "a47195f1-9db2-43e7-bc7a-100e6fcf96d2",
              "parentUUID": "eab1549f-d5d3-4445-b9e4-51f7fe77b099",
              "isHook": false,
              "skipped": true
            }
          ],
          "suites": [],
          "passes": [],
          "failures": [
            "94f2e6a3-4459-49a3-a607-f7d902e39a3f"
          ],
          "pending": [],
          "skipped": [
            "b4ab883f-cf40-4372-b10c-dc01b495f016",
            "a47195f1-9db2-43e7-bc7a-100e6fcf96d2"
          ],
          "duration": 255,
          "root": false,
          "rootEmpty": false,
          "_timeout": 2000
        },
        {
          "uuid": "0c50b8d1-7cc3-43a6-bd94-b89ff7375fb5",
          "title": "11 - [TELA DE JOGO] Desenvolva o jogo de forma que a pessoa que joga deve responder 5 perguntas no total",
          "fullFile": "",
          "file": "",
          "beforeHooks": [],
          "afterHooks": [],
          "tests": [
            {
              "title": "Acerta todas as perguntas",
              "fullTitle": "11 - [TELA DE JOGO] Desenvolva o jogo de forma que a pessoa que joga deve responder 5 perguntas no total Acerta todas as perguntas",
              "timedOut": null,
              "duration": 205,
              "state": "failed",
              "speed": null,
              "pass": false,
              "fail": true,
              "pending": false,
              "context": null,
              "code": "var before = JSON.parse(localStorage.getItem(LOCAL_STORAGE_STATE_KEY));\ncy.get(CORRECT_ALTERNATIVE_SELECTOR).click();\ncy.get(BUTTON_NEXT_QUESTION_SELECTOR).click();\ncy.get(CORRECT_ALTERNATIVE_SELECTOR).click();\ncy.get(BUTTON_NEXT_QUESTION_SELECTOR).click();\ncy.get(CORRECT_ALTERNATIVE_SELECTOR).click();\ncy.get(BUTTON_NEXT_QUESTION_SELECTOR).click();\ncy.get(CORRECT_ALTERNATIVE_SELECTOR).click();\ncy.get(BUTTON_NEXT_QUESTION_SELECTOR).click();\ncy.get(CORRECT_ALTERNATIVE_SELECTOR).click().then(function () {\n  var after = JSON.parse(localStorage.getItem(LOCAL_STORAGE_STATE_KEY));\n  expect(before.player.score).to.be.lt(after.player.score);\n});",
              "err": {
                "message": "Uncaught Error: Module build failed (from ./node_modules/babel-loader/lib/index.js):\nSyntaxError: /home/alexandremolive/Documents/sd-010-a-project-trivia-react-redux/src/pages/Feedback.js: Unexpected token (21:2)\n\n  19 |   getScoreStorage() {\n  20 |     const scoreStorage = \n> 21 |   }\n     |   ^\n  22 | \n  23 |   render() {\n  24 |     const { getName, getUrl, getScore } = this.props;\n    at Object.raise (/home/alexandremolive/Documents/sd-010-a-project-trivia-react-redux/node_modules/@babel/parser/lib/index.js:7012:17)\n    at Object.unexpected (/home/alexandremolive/Documents/sd-010-a-project-trivia-react-redux/node_modules/@babel/parser/lib/index.js:8405:16)\n    at Object.parseExprAtom (/home/alexandremolive/Documents/sd-010-a-project-trivia-react-redux/node_modules/@babel/parser/lib/index.js:9661:20)\n    at Object.parseExprAtom (/home/alexandremolive/Documents/sd-010-a-project-trivia-react-redux/node_modules/@babel/parser/lib/index.js:4126:20)\n    at Object.parseExprSubscripts (/home/alexandremolive/Documents/sd-010-a-project-trivia-react-redux/node_modules/@babel/parser/lib/index.js:9237:23)\n    at Object.parseMaybeUnary (/home/alexandremolive/Documents/sd-010-a-project-trivia-react-redux/node_modules/@babel/parser/lib/index.js:9217:21)\n    at Object.parseExprOps (/home/alexandremolive/Documents/sd-010-a-project-trivia-react-redux/node_modules/@babel/parser/lib/index.js:9083:23)\n    at Object.parseMaybeConditional (/home/alexandremolive/Documents/sd-010-a-project-trivia-react-redux/node_modules/@babel/parser/lib/index.js:9056:23)\n    at Object.parseMaybeAssign (/home/alexandremolive/Documents/sd-010-a-project-trivia-react-redux/node_modules/@babel/parser/lib/index.js:9015:21)\n    at Object.parseMaybeAssign (/home/alexandremolive/Documents/sd-010-a-project-trivia-react-redux/node_modules/@babel/parser/lib/index.js:2774:18)\n    at Object.parseVar (/home/alexandremolive/Documents/sd-010-a-project-trivia-react-redux/node_modules/@babel/parser/lib/index.js:11341:26)\n    at Object.parseVarStatement (/home/alexandremolive/Documents/sd-010-a-project-trivia-react-redux/node_modules/@babel/parser/lib/index.js:11160:10)\n    at Object.parseStatementContent (/home/alexandremolive/Documents/sd-010-a-project-trivia-react-redux/node_modules/@babel/parser/lib/index.js:10757:21)\n    at Object.parseStatement (/home/alexandremolive/Documents/sd-010-a-project-trivia-react-redux/node_modules/@babel/parser/lib/index.js:10690:17)\n    at Object.parseStatement (/home/alexandremolive/Documents/sd-010-a-project-trivia-react-redux/node_modules/@babel/parser/lib/index.js:2079:26)\n    at Object.parseBlockOrModuleBlockBody (/home/alexandremolive/Documents/sd-010-a-project-trivia-react-redux/node_modules/@babel/parser/lib/index.js:11266:25)\n\nThis error originated from your application code, not from Cypress.\n\nWhen Cypress detects uncaught errors originating from your application it will automatically fail the current test.\n\nThis behavior is configurable, and you can choose to turn this off by listening to the 'uncaught:exception' event.\n\nhttps://on.cypress.io/uncaught-exception-from-application\n\nBecause this error occurred during a 'before each' hook we are skipping the remaining tests in the current suite: '11 - [TELA DE JOGO] Desenvo...'",
                "estack": "Uncaught Error: Module build failed (from ./node_modules/babel-loader/lib/index.js):\nSyntaxError: /home/alexandremolive/Documents/sd-010-a-project-trivia-react-redux/src/pages/Feedback.js: Unexpected token (21:2)\n\n  19 |   getScoreStorage() {\n  20 |     const scoreStorage = \n> 21 |   }\n     |   ^\n  22 | \n  23 |   render() {\n  24 |     const { getName, getUrl, getScore } = this.props;\n    at Object.raise (/home/alexandremolive/Documents/sd-010-a-project-trivia-react-redux/node_modules/@babel/parser/lib/index.js:7012:17)\n    at Object.unexpected (/home/alexandremolive/Documents/sd-010-a-project-trivia-react-redux/node_modules/@babel/parser/lib/index.js:8405:16)\n    at Object.parseExprAtom (/home/alexandremolive/Documents/sd-010-a-project-trivia-react-redux/node_modules/@babel/parser/lib/index.js:9661:20)\n    at Object.parseExprAtom (/home/alexandremolive/Documents/sd-010-a-project-trivia-react-redux/node_modules/@babel/parser/lib/index.js:4126:20)\n    at Object.parseExprSubscripts (/home/alexandremolive/Documents/sd-010-a-project-trivia-react-redux/node_modules/@babel/parser/lib/index.js:9237:23)\n    at Object.parseMaybeUnary (/home/alexandremolive/Documents/sd-010-a-project-trivia-react-redux/node_modules/@babel/parser/lib/index.js:9217:21)\n    at Object.parseExprOps (/home/alexandremolive/Documents/sd-010-a-project-trivia-react-redux/node_modules/@babel/parser/lib/index.js:9083:23)\n    at Object.parseMaybeConditional (/home/alexandremolive/Documents/sd-010-a-project-trivia-react-redux/node_modules/@babel/parser/lib/index.js:9056:23)\n    at Object.parseMaybeAssign (/home/alexandremolive/Documents/sd-010-a-project-trivia-react-redux/node_modules/@babel/parser/lib/index.js:9015:21)\n    at Object.parseMaybeAssign (/home/alexandremolive/Documents/sd-010-a-project-trivia-react-redux/node_modules/@babel/parser/lib/index.js:2774:18)\n    at Object.parseVar (/home/alexandremolive/Documents/sd-010-a-project-trivia-react-redux/node_modules/@babel/parser/lib/index.js:11341:26)\n    at Object.parseVarStatement (/home/alexandremolive/Documents/sd-010-a-project-trivia-react-redux/node_modules/@babel/parser/lib/index.js:11160:10)\n    at Object.parseStatementContent (/home/alexandremolive/Documents/sd-010-a-project-trivia-react-redux/node_modules/@babel/parser/lib/index.js:10757:21)\n    at Object.parseStatement (/home/alexandremolive/Documents/sd-010-a-project-trivia-react-redux/node_modules/@babel/parser/lib/index.js:10690:17)\n    at Object.parseStatement (/home/alexandremolive/Documents/sd-010-a-project-trivia-react-redux/node_modules/@babel/parser/lib/index.js:2079:26)\n    at Object.parseBlockOrModuleBlockBody (/home/alexandremolive/Documents/sd-010-a-project-trivia-react-redux/node_modules/@babel/parser/lib/index.js:11266:25)\n\nThis error originated from your application code, not from Cypress.\n\nWhen Cypress detects uncaught errors originating from your application it will automatically fail the current test.\n\nThis behavior is configurable, and you can choose to turn this off by listening to the 'uncaught:exception' event.\n\nhttps://on.cypress.io/uncaught-exception-from-application\n\nBecause this error occurred during a 'before each' hook we are skipping the remaining tests in the current suite: '11 - [TELA DE JOGO] Desenvo...'\n    at Object../src/pages/Feedback.js (http://localhost:3000/static/js/main.chunk.js:354:7)\n    at __webpack_require__ (http://localhost:3000/static/js/bundle.js:786:30)\n    at fn (http://localhost:3000/static/js/bundle.js:151:20)\n    at Module../src/App.js (http://localhost:3000/static/js/main.chunk.js:111:73)\n    at __webpack_require__ (http://localhost:3000/static/js/bundle.js:786:30)\n    at fn (http://localhost:3000/static/js/bundle.js:151:20)\n    at Module../src/index.js (http://localhost:3000/static/js/main.chunk.js:311:62)\n    at __webpack_require__ (http://localhost:3000/static/js/bundle.js:786:30)\n    at fn (http://localhost:3000/static/js/bundle.js:151:20)\n    at Object.1 (http://localhost:3000/static/js/main.chunk.js:1456:18)\n    at __webpack_require__ (http://localhost:3000/static/js/bundle.js:786:30)\n    at checkDeferredModules (http://localhost:3000/static/js/bundle.js:46:23)\n    at Array.webpackJsonpCallback [as push] (http://localhost:3000/static/js/bundle.js:33:19)\n    at http://localhost:3000/static/js/main.chunk.js:1:75",
                "diff": null
              },
              "uuid": "d3c6de04-3505-45b0-8310-4f0fde118a01",
              "parentUUID": "0c50b8d1-7cc3-43a6-bd94-b89ff7375fb5",
              "isHook": false,
              "skipped": false
            },
            {
              "title": "Erra todas as perguntas",
              "fullTitle": "11 - [TELA DE JOGO] Desenvolva o jogo de forma que a pessoa que joga deve responder 5 perguntas no total Erra todas as perguntas",
              "timedOut": null,
              "duration": 0,
              "state": "skipped",
              "speed": null,
              "pass": false,
              "fail": false,
              "pending": false,
              "context": null,
              "code": "var before = JSON.parse(localStorage.getItem(LOCAL_STORAGE_STATE_KEY));\ncy.get(WRONG_ALTERNATIVES_SELECTOR).first().click();\ncy.get(BUTTON_NEXT_QUESTION_SELECTOR).click();\ncy.get(WRONG_ALTERNATIVES_SELECTOR).first().click();\ncy.get(BUTTON_NEXT_QUESTION_SELECTOR).click();\ncy.get(WRONG_ALTERNATIVES_SELECTOR).first().click();\ncy.get(BUTTON_NEXT_QUESTION_SELECTOR).click();\ncy.get(WRONG_ALTERNATIVES_SELECTOR).first().click();\ncy.get(BUTTON_NEXT_QUESTION_SELECTOR).click();\ncy.get(WRONG_ALTERNATIVES_SELECTOR).first().click().then(function () {\n  var after = JSON.parse(localStorage.getItem(LOCAL_STORAGE_STATE_KEY));\n  expect(before.player.score).to.be.eq(after.player.score);\n});",
              "err": {},
              "uuid": "412776b7-3b88-41f2-a769-810c4dfba29a",
              "parentUUID": "0c50b8d1-7cc3-43a6-bd94-b89ff7375fb5",
              "isHook": false,
              "skipped": true
            },
            {
              "title": "Redireciona para a tela de _feedback_ após a quinta pergunta",
              "fullTitle": "11 - [TELA DE JOGO] Desenvolva o jogo de forma que a pessoa que joga deve responder 5 perguntas no total Redireciona para a tela de _feedback_ após a quinta pergunta",
              "timedOut": null,
              "duration": 0,
              "state": "skipped",
              "speed": null,
              "pass": false,
              "fail": false,
              "pending": false,
              "context": null,
              "code": "cy.get(CORRECT_ALTERNATIVE_SELECTOR).click();\ncy.get(BUTTON_NEXT_QUESTION_SELECTOR).click();\ncy.get(CORRECT_ALTERNATIVE_SELECTOR).click();\ncy.get(BUTTON_NEXT_QUESTION_SELECTOR).click();\ncy.get(CORRECT_ALTERNATIVE_SELECTOR).click();\ncy.get(BUTTON_NEXT_QUESTION_SELECTOR).click();\ncy.get(CORRECT_ALTERNATIVE_SELECTOR).click();\ncy.get(BUTTON_NEXT_QUESTION_SELECTOR).click();\ncy.get(CORRECT_ALTERNATIVE_SELECTOR).click();\ncy.get(BUTTON_NEXT_QUESTION_SELECTOR).click();\ncy.get(FEEDBACK_TEXT_SELECTOR).should('exist');",
              "err": {},
              "uuid": "33fbd507-c3e4-4102-b6fb-a995e2c9a70a",
              "parentUUID": "0c50b8d1-7cc3-43a6-bd94-b89ff7375fb5",
              "isHook": false,
              "skipped": true
            }
          ],
          "suites": [],
          "passes": [],
          "failures": [
            "d3c6de04-3505-45b0-8310-4f0fde118a01"
          ],
          "pending": [],
          "skipped": [
            "412776b7-3b88-41f2-a769-810c4dfba29a",
            "33fbd507-c3e4-4102-b6fb-a995e2c9a70a"
          ],
          "duration": 205,
          "root": false,
          "rootEmpty": false,
          "_timeout": 2000
        },
        {
          "uuid": "e3605d3e-bdd9-42a5-aebc-798f51242bbf",
          "title": "12 - [TELA DE FEEDBACK] Desenvolva o header de _feedback_ que deve conter as informações da pessoa jogadora",
          "fullFile": "",
          "file": "",
          "beforeHooks": [],
          "afterHooks": [],
          "tests": [
            {
              "title": "A imagem do Gravatar está presente no header",
              "fullTitle": "12 - [TELA DE FEEDBACK] Desenvolva o header de _feedback_ que deve conter as informações da pessoa jogadora A imagem do Gravatar está presente no header",
              "timedOut": null,
              "duration": 204,
              "state": "failed",
              "speed": null,
              "pass": false,
              "fail": true,
              "pending": false,
              "context": null,
              "code": "cy.get(HEADER_IMAGE_SELECTOR).should('exist');",
              "err": {
                "message": "Uncaught Error: Module build failed (from ./node_modules/babel-loader/lib/index.js):\nSyntaxError: /home/alexandremolive/Documents/sd-010-a-project-trivia-react-redux/src/pages/Feedback.js: Unexpected token (21:2)\n\n  19 |   getScoreStorage() {\n  20 |     const scoreStorage = \n> 21 |   }\n     |   ^\n  22 | \n  23 |   render() {\n  24 |     const { getName, getUrl, getScore } = this.props;\n    at Object.raise (/home/alexandremolive/Documents/sd-010-a-project-trivia-react-redux/node_modules/@babel/parser/lib/index.js:7012:17)\n    at Object.unexpected (/home/alexandremolive/Documents/sd-010-a-project-trivia-react-redux/node_modules/@babel/parser/lib/index.js:8405:16)\n    at Object.parseExprAtom (/home/alexandremolive/Documents/sd-010-a-project-trivia-react-redux/node_modules/@babel/parser/lib/index.js:9661:20)\n    at Object.parseExprAtom (/home/alexandremolive/Documents/sd-010-a-project-trivia-react-redux/node_modules/@babel/parser/lib/index.js:4126:20)\n    at Object.parseExprSubscripts (/home/alexandremolive/Documents/sd-010-a-project-trivia-react-redux/node_modules/@babel/parser/lib/index.js:9237:23)\n    at Object.parseMaybeUnary (/home/alexandremolive/Documents/sd-010-a-project-trivia-react-redux/node_modules/@babel/parser/lib/index.js:9217:21)\n    at Object.parseExprOps (/home/alexandremolive/Documents/sd-010-a-project-trivia-react-redux/node_modules/@babel/parser/lib/index.js:9083:23)\n    at Object.parseMaybeConditional (/home/alexandremolive/Documents/sd-010-a-project-trivia-react-redux/node_modules/@babel/parser/lib/index.js:9056:23)\n    at Object.parseMaybeAssign (/home/alexandremolive/Documents/sd-010-a-project-trivia-react-redux/node_modules/@babel/parser/lib/index.js:9015:21)\n    at Object.parseMaybeAssign (/home/alexandremolive/Documents/sd-010-a-project-trivia-react-redux/node_modules/@babel/parser/lib/index.js:2774:18)\n    at Object.parseVar (/home/alexandremolive/Documents/sd-010-a-project-trivia-react-redux/node_modules/@babel/parser/lib/index.js:11341:26)\n    at Object.parseVarStatement (/home/alexandremolive/Documents/sd-010-a-project-trivia-react-redux/node_modules/@babel/parser/lib/index.js:11160:10)\n    at Object.parseStatementContent (/home/alexandremolive/Documents/sd-010-a-project-trivia-react-redux/node_modules/@babel/parser/lib/index.js:10757:21)\n    at Object.parseStatement (/home/alexandremolive/Documents/sd-010-a-project-trivia-react-redux/node_modules/@babel/parser/lib/index.js:10690:17)\n    at Object.parseStatement (/home/alexandremolive/Documents/sd-010-a-project-trivia-react-redux/node_modules/@babel/parser/lib/index.js:2079:26)\n    at Object.parseBlockOrModuleBlockBody (/home/alexandremolive/Documents/sd-010-a-project-trivia-react-redux/node_modules/@babel/parser/lib/index.js:11266:25)\n\nThis error originated from your application code, not from Cypress.\n\nWhen Cypress detects uncaught errors originating from your application it will automatically fail the current test.\n\nThis behavior is configurable, and you can choose to turn this off by listening to the 'uncaught:exception' event.\n\nhttps://on.cypress.io/uncaught-exception-from-application\n\nBecause this error occurred during a 'before each' hook we are skipping the remaining tests in the current suite: '12 - [TELA DE FEEDBACK] Des...'",
                "estack": "Uncaught Error: Module build failed (from ./node_modules/babel-loader/lib/index.js):\nSyntaxError: /home/alexandremolive/Documents/sd-010-a-project-trivia-react-redux/src/pages/Feedback.js: Unexpected token (21:2)\n\n  19 |   getScoreStorage() {\n  20 |     const scoreStorage = \n> 21 |   }\n     |   ^\n  22 | \n  23 |   render() {\n  24 |     const { getName, getUrl, getScore } = this.props;\n    at Object.raise (/home/alexandremolive/Documents/sd-010-a-project-trivia-react-redux/node_modules/@babel/parser/lib/index.js:7012:17)\n    at Object.unexpected (/home/alexandremolive/Documents/sd-010-a-project-trivia-react-redux/node_modules/@babel/parser/lib/index.js:8405:16)\n    at Object.parseExprAtom (/home/alexandremolive/Documents/sd-010-a-project-trivia-react-redux/node_modules/@babel/parser/lib/index.js:9661:20)\n    at Object.parseExprAtom (/home/alexandremolive/Documents/sd-010-a-project-trivia-react-redux/node_modules/@babel/parser/lib/index.js:4126:20)\n    at Object.parseExprSubscripts (/home/alexandremolive/Documents/sd-010-a-project-trivia-react-redux/node_modules/@babel/parser/lib/index.js:9237:23)\n    at Object.parseMaybeUnary (/home/alexandremolive/Documents/sd-010-a-project-trivia-react-redux/node_modules/@babel/parser/lib/index.js:9217:21)\n    at Object.parseExprOps (/home/alexandremolive/Documents/sd-010-a-project-trivia-react-redux/node_modules/@babel/parser/lib/index.js:9083:23)\n    at Object.parseMaybeConditional (/home/alexandremolive/Documents/sd-010-a-project-trivia-react-redux/node_modules/@babel/parser/lib/index.js:9056:23)\n    at Object.parseMaybeAssign (/home/alexandremolive/Documents/sd-010-a-project-trivia-react-redux/node_modules/@babel/parser/lib/index.js:9015:21)\n    at Object.parseMaybeAssign (/home/alexandremolive/Documents/sd-010-a-project-trivia-react-redux/node_modules/@babel/parser/lib/index.js:2774:18)\n    at Object.parseVar (/home/alexandremolive/Documents/sd-010-a-project-trivia-react-redux/node_modules/@babel/parser/lib/index.js:11341:26)\n    at Object.parseVarStatement (/home/alexandremolive/Documents/sd-010-a-project-trivia-react-redux/node_modules/@babel/parser/lib/index.js:11160:10)\n    at Object.parseStatementContent (/home/alexandremolive/Documents/sd-010-a-project-trivia-react-redux/node_modules/@babel/parser/lib/index.js:10757:21)\n    at Object.parseStatement (/home/alexandremolive/Documents/sd-010-a-project-trivia-react-redux/node_modules/@babel/parser/lib/index.js:10690:17)\n    at Object.parseStatement (/home/alexandremolive/Documents/sd-010-a-project-trivia-react-redux/node_modules/@babel/parser/lib/index.js:2079:26)\n    at Object.parseBlockOrModuleBlockBody (/home/alexandremolive/Documents/sd-010-a-project-trivia-react-redux/node_modules/@babel/parser/lib/index.js:11266:25)\n\nThis error originated from your application code, not from Cypress.\n\nWhen Cypress detects uncaught errors originating from your application it will automatically fail the current test.\n\nThis behavior is configurable, and you can choose to turn this off by listening to the 'uncaught:exception' event.\n\nhttps://on.cypress.io/uncaught-exception-from-application\n\nBecause this error occurred during a 'before each' hook we are skipping the remaining tests in the current suite: '12 - [TELA DE FEEDBACK] Des...'\n    at Object../src/pages/Feedback.js (http://localhost:3000/static/js/main.chunk.js:354:7)\n    at __webpack_require__ (http://localhost:3000/static/js/bundle.js:786:30)\n    at fn (http://localhost:3000/static/js/bundle.js:151:20)\n    at Module../src/App.js (http://localhost:3000/static/js/main.chunk.js:111:73)\n    at __webpack_require__ (http://localhost:3000/static/js/bundle.js:786:30)\n    at fn (http://localhost:3000/static/js/bundle.js:151:20)\n    at Module../src/index.js (http://localhost:3000/static/js/main.chunk.js:311:62)\n    at __webpack_require__ (http://localhost:3000/static/js/bundle.js:786:30)\n    at fn (http://localhost:3000/static/js/bundle.js:151:20)\n    at Object.1 (http://localhost:3000/static/js/main.chunk.js:1456:18)\n    at __webpack_require__ (http://localhost:3000/static/js/bundle.js:786:30)\n    at checkDeferredModules (http://localhost:3000/static/js/bundle.js:46:23)\n    at Array.webpackJsonpCallback [as push] (http://localhost:3000/static/js/bundle.js:33:19)\n    at http://localhost:3000/static/js/main.chunk.js:1:75",
                "diff": null
              },
              "uuid": "1e78fb4e-876e-4b0c-8c80-0a80ea0808d9",
              "parentUUID": "e3605d3e-bdd9-42a5-aebc-798f51242bbf",
              "isHook": false,
              "skipped": false
            },
            {
              "title": "O nome da pessoa está presente no header",
              "fullTitle": "12 - [TELA DE FEEDBACK] Desenvolva o header de _feedback_ que deve conter as informações da pessoa jogadora O nome da pessoa está presente no header",
              "timedOut": null,
              "duration": 0,
              "state": "skipped",
              "speed": null,
              "pass": false,
              "fail": false,
              "pending": false,
              "context": null,
              "code": "cy.get(HEADER_NAME_SELECTOR).contains(name);",
              "err": {},
              "uuid": "7fe7203d-e413-4861-a1b7-719e8f2c0f4c",
              "parentUUID": "e3605d3e-bdd9-42a5-aebc-798f51242bbf",
              "isHook": false,
              "skipped": true
            },
            {
              "title": "O placar com o valor atual está presente no header",
              "fullTitle": "12 - [TELA DE FEEDBACK] Desenvolva o header de _feedback_ que deve conter as informações da pessoa jogadora O placar com o valor atual está presente no header",
              "timedOut": null,
              "duration": 0,
              "state": "skipped",
              "speed": null,
              "pass": false,
              "fail": false,
              "pending": false,
              "context": null,
              "code": "cy.get(HEADER_SCORE_SELECTOR).should(function ($el) {\n  var state = JSON.parse(localStorage.getItem(LOCAL_STORAGE_STATE_KEY));\n  expect(parseInt($el.text())).to.be.eq(state.player.score);\n});",
              "err": {},
              "uuid": "cdec9656-aa1b-4708-8ebc-bcee5ffc3a59",
              "parentUUID": "e3605d3e-bdd9-42a5-aebc-798f51242bbf",
              "isHook": false,
              "skipped": true
            }
          ],
          "suites": [],
          "passes": [],
          "failures": [
            "1e78fb4e-876e-4b0c-8c80-0a80ea0808d9"
          ],
          "pending": [],
          "skipped": [
            "7fe7203d-e413-4861-a1b7-719e8f2c0f4c",
            "cdec9656-aa1b-4708-8ebc-bcee5ffc3a59"
          ],
          "duration": 204,
          "root": false,
          "rootEmpty": false,
          "_timeout": 2000
        },
        {
          "uuid": "42605491-0e62-4b0e-8415-062057c83be4",
          "title": "13 - [TELA DE FEEDBACK] Crie a mensagem de _feedback_ para ser exibida a pessoa usuária",
          "fullFile": "",
          "file": "",
          "beforeHooks": [],
          "afterHooks": [],
          "tests": [
            {
              "title": "Acertou menos de 3 perguntas",
              "fullTitle": "13 - [TELA DE FEEDBACK] Crie a mensagem de _feedback_ para ser exibida a pessoa usuária Acertou menos de 3 perguntas",
              "timedOut": null,
              "duration": 236,
              "state": "failed",
              "speed": null,
              "pass": false,
              "fail": true,
              "pending": false,
              "context": null,
              "code": "cy.get(CORRECT_ALTERNATIVE_SELECTOR).click();\ncy.get(BUTTON_NEXT_QUESTION_SELECTOR).click();\ncy.get(CORRECT_ALTERNATIVE_SELECTOR).click();\ncy.get(BUTTON_NEXT_QUESTION_SELECTOR).click();\ncy.get(WRONG_ALTERNATIVES_SELECTOR).first().click();\ncy.get(BUTTON_NEXT_QUESTION_SELECTOR).click();\ncy.get(WRONG_ALTERNATIVES_SELECTOR).first().click();\ncy.get(BUTTON_NEXT_QUESTION_SELECTOR).click();\ncy.get(WRONG_ALTERNATIVES_SELECTOR).first().click();\ncy.get(BUTTON_NEXT_QUESTION_SELECTOR).click();\ncy.get(FEEDBACK_TEXT_SELECTOR).contains('Podia ser melhor...');",
              "err": {
                "message": "Uncaught Error: Module build failed (from ./node_modules/babel-loader/lib/index.js):\nSyntaxError: /home/alexandremolive/Documents/sd-010-a-project-trivia-react-redux/src/pages/Feedback.js: Unexpected token (21:2)\n\n  19 |   getScoreStorage() {\n  20 |     const scoreStorage = \n> 21 |   }\n     |   ^\n  22 | \n  23 |   render() {\n  24 |     const { getName, getUrl, getScore } = this.props;\n    at Object.raise (/home/alexandremolive/Documents/sd-010-a-project-trivia-react-redux/node_modules/@babel/parser/lib/index.js:7012:17)\n    at Object.unexpected (/home/alexandremolive/Documents/sd-010-a-project-trivia-react-redux/node_modules/@babel/parser/lib/index.js:8405:16)\n    at Object.parseExprAtom (/home/alexandremolive/Documents/sd-010-a-project-trivia-react-redux/node_modules/@babel/parser/lib/index.js:9661:20)\n    at Object.parseExprAtom (/home/alexandremolive/Documents/sd-010-a-project-trivia-react-redux/node_modules/@babel/parser/lib/index.js:4126:20)\n    at Object.parseExprSubscripts (/home/alexandremolive/Documents/sd-010-a-project-trivia-react-redux/node_modules/@babel/parser/lib/index.js:9237:23)\n    at Object.parseMaybeUnary (/home/alexandremolive/Documents/sd-010-a-project-trivia-react-redux/node_modules/@babel/parser/lib/index.js:9217:21)\n    at Object.parseExprOps (/home/alexandremolive/Documents/sd-010-a-project-trivia-react-redux/node_modules/@babel/parser/lib/index.js:9083:23)\n    at Object.parseMaybeConditional (/home/alexandremolive/Documents/sd-010-a-project-trivia-react-redux/node_modules/@babel/parser/lib/index.js:9056:23)\n    at Object.parseMaybeAssign (/home/alexandremolive/Documents/sd-010-a-project-trivia-react-redux/node_modules/@babel/parser/lib/index.js:9015:21)\n    at Object.parseMaybeAssign (/home/alexandremolive/Documents/sd-010-a-project-trivia-react-redux/node_modules/@babel/parser/lib/index.js:2774:18)\n    at Object.parseVar (/home/alexandremolive/Documents/sd-010-a-project-trivia-react-redux/node_modules/@babel/parser/lib/index.js:11341:26)\n    at Object.parseVarStatement (/home/alexandremolive/Documents/sd-010-a-project-trivia-react-redux/node_modules/@babel/parser/lib/index.js:11160:10)\n    at Object.parseStatementContent (/home/alexandremolive/Documents/sd-010-a-project-trivia-react-redux/node_modules/@babel/parser/lib/index.js:10757:21)\n    at Object.parseStatement (/home/alexandremolive/Documents/sd-010-a-project-trivia-react-redux/node_modules/@babel/parser/lib/index.js:10690:17)\n    at Object.parseStatement (/home/alexandremolive/Documents/sd-010-a-project-trivia-react-redux/node_modules/@babel/parser/lib/index.js:2079:26)\n    at Object.parseBlockOrModuleBlockBody (/home/alexandremolive/Documents/sd-010-a-project-trivia-react-redux/node_modules/@babel/parser/lib/index.js:11266:25)\n\nThis error originated from your application code, not from Cypress.\n\nWhen Cypress detects uncaught errors originating from your application it will automatically fail the current test.\n\nThis behavior is configurable, and you can choose to turn this off by listening to the 'uncaught:exception' event.\n\nhttps://on.cypress.io/uncaught-exception-from-application\n\nBecause this error occurred during a 'before each' hook we are skipping the remaining tests in the current suite: '13 - [TELA DE FEEDBACK] Cri...'",
                "estack": "Uncaught Error: Module build failed (from ./node_modules/babel-loader/lib/index.js):\nSyntaxError: /home/alexandremolive/Documents/sd-010-a-project-trivia-react-redux/src/pages/Feedback.js: Unexpected token (21:2)\n\n  19 |   getScoreStorage() {\n  20 |     const scoreStorage = \n> 21 |   }\n     |   ^\n  22 | \n  23 |   render() {\n  24 |     const { getName, getUrl, getScore } = this.props;\n    at Object.raise (/home/alexandremolive/Documents/sd-010-a-project-trivia-react-redux/node_modules/@babel/parser/lib/index.js:7012:17)\n    at Object.unexpected (/home/alexandremolive/Documents/sd-010-a-project-trivia-react-redux/node_modules/@babel/parser/lib/index.js:8405:16)\n    at Object.parseExprAtom (/home/alexandremolive/Documents/sd-010-a-project-trivia-react-redux/node_modules/@babel/parser/lib/index.js:9661:20)\n    at Object.parseExprAtom (/home/alexandremolive/Documents/sd-010-a-project-trivia-react-redux/node_modules/@babel/parser/lib/index.js:4126:20)\n    at Object.parseExprSubscripts (/home/alexandremolive/Documents/sd-010-a-project-trivia-react-redux/node_modules/@babel/parser/lib/index.js:9237:23)\n    at Object.parseMaybeUnary (/home/alexandremolive/Documents/sd-010-a-project-trivia-react-redux/node_modules/@babel/parser/lib/index.js:9217:21)\n    at Object.parseExprOps (/home/alexandremolive/Documents/sd-010-a-project-trivia-react-redux/node_modules/@babel/parser/lib/index.js:9083:23)\n    at Object.parseMaybeConditional (/home/alexandremolive/Documents/sd-010-a-project-trivia-react-redux/node_modules/@babel/parser/lib/index.js:9056:23)\n    at Object.parseMaybeAssign (/home/alexandremolive/Documents/sd-010-a-project-trivia-react-redux/node_modules/@babel/parser/lib/index.js:9015:21)\n    at Object.parseMaybeAssign (/home/alexandremolive/Documents/sd-010-a-project-trivia-react-redux/node_modules/@babel/parser/lib/index.js:2774:18)\n    at Object.parseVar (/home/alexandremolive/Documents/sd-010-a-project-trivia-react-redux/node_modules/@babel/parser/lib/index.js:11341:26)\n    at Object.parseVarStatement (/home/alexandremolive/Documents/sd-010-a-project-trivia-react-redux/node_modules/@babel/parser/lib/index.js:11160:10)\n    at Object.parseStatementContent (/home/alexandremolive/Documents/sd-010-a-project-trivia-react-redux/node_modules/@babel/parser/lib/index.js:10757:21)\n    at Object.parseStatement (/home/alexandremolive/Documents/sd-010-a-project-trivia-react-redux/node_modules/@babel/parser/lib/index.js:10690:17)\n    at Object.parseStatement (/home/alexandremolive/Documents/sd-010-a-project-trivia-react-redux/node_modules/@babel/parser/lib/index.js:2079:26)\n    at Object.parseBlockOrModuleBlockBody (/home/alexandremolive/Documents/sd-010-a-project-trivia-react-redux/node_modules/@babel/parser/lib/index.js:11266:25)\n\nThis error originated from your application code, not from Cypress.\n\nWhen Cypress detects uncaught errors originating from your application it will automatically fail the current test.\n\nThis behavior is configurable, and you can choose to turn this off by listening to the 'uncaught:exception' event.\n\nhttps://on.cypress.io/uncaught-exception-from-application\n\nBecause this error occurred during a 'before each' hook we are skipping the remaining tests in the current suite: '13 - [TELA DE FEEDBACK] Cri...'\n    at Object../src/pages/Feedback.js (http://localhost:3000/static/js/main.chunk.js:354:7)\n    at __webpack_require__ (http://localhost:3000/static/js/bundle.js:786:30)\n    at fn (http://localhost:3000/static/js/bundle.js:151:20)\n    at Module../src/App.js (
[...]
                "estack": "Uncaught Error: Module build failed (from ./node_modules/babel-loader/lib/index.js):\nSyntaxError: /home/alexandremolive/Documents/sd-010-a-project-trivia-react-redux/src/pages/Feedback.js: Unexpected token (21:2)\n\n  19 |   getScoreStorage() {\n  20 |     const scoreStorage = \n> 21 |   }\n     |   ^\n  22 | \n  23 |   render() {\n  24 |     const { getName, getUrl, getScore } = this.props;\n    at Object.raise (/home/alexandremolive/Documents/sd-010-a-project-trivia-react-redux/node_modules/@babel/parser/lib/index.js:7012:17)\n    at Object.unexpected (/home/alexandremolive/Documents/sd-010-a-project-trivia-react-redux/node_modules/@babel/parser/lib/index.js:8405:16)\n    at Object.parseExprAtom (/home/alexandremolive/Documents/sd-010-a-project-trivia-react-redux/node_modules/@babel/parser/lib/index.js:9661:20)\n    at Object.parseExprAtom (/home/alexandremolive/Documents/sd-010-a-project-trivia-react-redux/node_modules/@babel/parser/lib/index.js:4126:20)\n    at Object.parseExprSubscripts (/home/alexandremolive/Documents/sd-010-a-project-trivia-react-redux/node_modules/@babel/parser/lib/index.js:9237:23)\n    at Object.parseMaybeUnary (/home/alexandremolive/Documents/sd-010-a-project-trivia-react-redux/node_modules/@babel/parser/lib/index.js:9217:21)\n    at Object.parseExprOps (/home/alexandremolive/Documents/sd-010-a-project-trivia-react-redux/node_modules/@babel/parser/lib/index.js:9083:23)\n    at Object.parseMaybeConditional (/home/alexandremolive/Documents/sd-010-a-project-trivia-react-redux/node_modules/@babel/parser/lib/index.js:9056:23)\n    at Object.parseMaybeAssign (/home/alexandremolive/Documents/sd-010-a-project-trivia-react-redux/node_modules/@babel/parser/lib/index.js:9015:21)\n    at Object.parseMaybeAssign (/home/alexandremolive/Documents/sd-010-a-project-trivia-react-redux/node_modules/@babel/parser/lib/index.js:2774:18)\n    at Object.parseVar (/home/alexandremolive/Documents/sd-010-a-project-trivia-react-redux/node_modules/@babel/parser/lib/index.js:11341:26)\n    at Object.parseVarStatement (/home/alexandremolive/Documents/sd-010-a-project-trivia-react-redux/node_modules/@babel/parser/lib/index.js:11160:10)\n    at Object.parseStatementContent (/home/alexandremolive/Documents/sd-010-a-project-trivia-react-redux/node_modules/@babel/parser/lib/index.js:10757:21)\n    at Object.parseStatement (/home/alexandremolive/Documents/sd-010-a-project-trivia-react-redux/node_modules/@babel/parser/lib/index.js:10690:17)\n    at Object.parseStatement (/home/alexandremolive/Documents/sd-010-a-project-trivia-react-redux/node_modules/@babel/parser/lib/index.js:2079:26)\n    at Object.parseBlockOrModuleBlockBody (/home/alexandremolive/Documents/sd-010-a-project-trivia-react-redux/node_modules/@babel/parser/lib/index.js:11266:25)\n\nThis error originated from your application code, not from Cypress.\n\nWhen Cypress detects uncaught errors originating from your application it will automatically fail the current test.\n\nThis behavior is configurable, and you can choose to turn this off by listening to the 'uncaught:exception' event.\n\nhttps://on.cypress.io/uncaught-exception-from-application\n\nBecause this error occurred during a 'before each' hook we are skipping the remaining tests in the current suite: '17 - [TELA DE RANKING] Crie...'\n    at Object../src/pages/Feedback.js (http://localhost:3000/static/js/main.chunk.js:354:7)\n    at __webpack_require__ (http://localhost:3000/static/js/bundle.js:786:30)\n    at fn (http://localhost:3000/static/js/bundle.js:151:20)\n    at Module../src/App.js (http://localhost:3000/static/js/main.chunk.js:111:73)\n    at __webpack_require__ (http://localhost:3000/static/js/bundle.js:786:30)\n    at fn (http://localhost:3000/static/js/bundle.js:151:20)\n    at Module../src/index.js (http://localhost:3000/static/js/main.chunk.js:311:62)\n    at __webpack_require__ (http://localhost:3000/static/js/bundle.js:786:30)\n    at fn (http://localhost:3000/static/js/bundle.js:151:20)\n    at Object.1 (http://localhost:3000/static/js/main.chunk.js:1456:18)\n    at __webpack_require__ (http://localhost:3000/static/js/bundle.js:786:30)\n    at checkDeferredModules (http://localhost:3000/static/js/bundle.js:46:23)\n    at Array.webpackJsonpCallback [as push] (http://localhost:3000/static/js/bundle.js:33:19)\n    at http://localhost:3000/static/js/main.chunk.js:1:75",
                "diff": null
              },
              "uuid": "80ac1648-a1e2-4f82-a0a6-34e28a64ad31",
              "parentUUID": "4782df14-af24-41c2-886b-1a5bdfe2e00a",
              "isHook": false,
              "skipped": false
            },
            {
              "title": "Devem existir duas pessoas no _ranking_",
              "fullTitle": "17 - [TELA DE RANKING] Crie a tela de _ranking_ Devem existir duas pessoas no _ranking_",
              "timedOut": null,
              "duration": 0,
              "state": "skipped",
              "speed": null,
              "pass": false,
              "fail": false,
              "pending": false,
              "context": null,
              "code": "cy.get(BUTTON_GO_HOME_SELECTOR).click();\ncy.get(INPUT_PLAYER_NAME_SELECTOR).clear();\ncy.get(INPUT_PLAYER_EMAIL_SELECTOR).clear();\ncy.get(INPUT_PLAYER_NAME_SELECTOR).type(name2);\ncy.get(INPUT_PLAYER_EMAIL_SELECTOR).type(email2);\ncy.get(BUTTON_PLAY_SELECTOR).click();\ncy.get(CORRECT_ALTERNATIVE_SELECTOR).click();\ncy.get(BUTTON_NEXT_QUESTION_SELECTOR).click();\ncy.get(CORRECT_ALTERNATIVE_SELECTOR).click();\ncy.get(BUTTON_NEXT_QUESTION_SELECTOR).click();\ncy.get(CORRECT_ALTERNATIVE_SELECTOR).click();\ncy.get(BUTTON_NEXT_QUESTION_SELECTOR).click();\ncy.get(CORRECT_ALTERNATIVE_SELECTOR).click();\ncy.get(BUTTON_NEXT_QUESTION_SELECTOR).click();\ncy.get(CORRECT_ALTERNATIVE_SELECTOR).click();\ncy.get(BUTTON_NEXT_QUESTION_SELECTOR).click();\ncy.get(BUTTON_RANKING_SELECTOR).click();\ncy.get(RANKING_PLAYERS_NAME_SELECTOR).should(function ($el) {\n  expect($el).to.have.lengthOf(2);\n});",
              "err": {},
              "uuid": "353fc132-da05-44e4-9b79-3d9e67615074",
              "parentUUID": "4782df14-af24-41c2-886b-1a5bdfe2e00a",
              "isHook": false,
              "skipped": true
            },
            {
              "title": "O _ranking_ deve ser ordenado pela pontuação",
              "fullTitle": "17 - [TELA DE RANKING] Crie a tela de _ranking_ O _ranking_ deve ser ordenado pela pontuação",
              "timedOut": null,
              "duration": 0,
              "state": "skipped",
              "speed": null,
              "pass": false,
              "fail": false,
              "pending": false,
              "context": null,
              "code": "cy.get(BUTTON_GO_HOME_SELECTOR).click();\ncy.get(INPUT_PLAYER_NAME_SELECTOR).clear();\ncy.get(INPUT_PLAYER_EMAIL_SELECTOR).clear();\ncy.get(INPUT_PLAYER_NAME_SELECTOR).type(name2);\ncy.get(INPUT_PLAYER_EMAIL_SELECTOR).type(email2);\ncy.get(BUTTON_PLAY_SELECTOR).click();\ncy.get(WRONG_ALTERNATIVES_SELECTOR).first().click();\ncy.get(BUTTON_NEXT_QUESTION_SELECTOR).click();\ncy.get(WRONG_ALTERNATIVES_SELECTOR).first().click();\ncy.get(BUTTON_NEXT_QUESTION_SELECTOR).click();\ncy.get(WRONG_ALTERNATIVES_SELECTOR).first().click();\ncy.get(BUTTON_NEXT_QUESTION_SELECTOR).click();\ncy.get(WRONG_ALTERNATIVES_SELECTOR).first().click();\ncy.get(BUTTON_NEXT_QUESTION_SELECTOR).click();\ncy.get(WRONG_ALTERNATIVES_SELECTOR).first().click();\ncy.get(BUTTON_NEXT_QUESTION_SELECTOR).click();\ncy.get(BUTTON_RANKING_SELECTOR).click();\ncy.get(BUTTON_GO_HOME_SELECTOR).click();\ncy.get(INPUT_PLAYER_NAME_SELECTOR).clear();\ncy.get(INPUT_PLAYER_EMAIL_SELECTOR).clear();\ncy.get(INPUT_PLAYER_NAME_SELECTOR).type(name3);\ncy.get(INPUT_PLAYER_EMAIL_SELECTOR).type(email3);\ncy.get(BUTTON_PLAY_SELECTOR).click();\ncy.get(CORRECT_ALTERNATIVE_SELECTOR).click();\ncy.get(BUTTON_NEXT_QUESTION_SELECTOR).click();\ncy.get(WRONG_ALTERNATIVES_SELECTOR).first().click();\ncy.get(BUTTON_NEXT_QUESTION_SELECTOR).click();\ncy.get(WRONG_ALTERNATIVES_SELECTOR).first().click();\ncy.get(BUTTON_NEXT_QUESTION_SELECTOR).click();\ncy.get(WRONG_ALTERNATIVES_SELECTOR).first().click();\ncy.get(BUTTON_NEXT_QUESTION_SELECTOR).click();\ncy.get(WRONG_ALTERNATIVES_SELECTOR).first().click();\ncy.get(BUTTON_NEXT_QUESTION_SELECTOR).click();\ncy.get(BUTTON_RANKING_SELECTOR).click();\nvar ranking = [name1, name3, name2];\ncy.get(RANKING_PLAYERS_NAME_SELECTOR).should(function ($el) {\n  expect($el).to.have.lengthOf(3);\n});\ncy.get(RANKING_PLAYERS_NAME_SELECTOR).each(function ($el, $index) {\n  expect($el.text()).to.be.eq(ranking[$index]);\n});",
              "err": {},
              "uuid": "73972101-d307-4a09-a545-21b1df2320bf",
              "parentUUID": "4782df14-af24-41c2-886b-1a5bdfe2e00a",
              "isHook": false,
              "skipped": true
            }
          ],
          "suites": [],
          "passes": [],
          "failures": [
            "80ac1648-a1e2-4f82-a0a6-34e28a64ad31"
          ],
          "pending": [],
          "skipped": [
            "353fc132-da05-44e4-9b79-3d9e67615074",
            "73972101-d307-4a09-a545-21b1df2320bf"
          ],
          "duration": 252,
          "root": false,
          "rootEmpty": false,
          "_timeout": 2000
        },
        {
          "uuid": "5f976b4d-fc60-4df8-aaf3-2e1adb11fb98",
          "title": "18 - [TELA DE RANKING] Crie um botão para ir ao início",
          "fullFile": "",
          "file": "",
          "beforeHooks": [],
          "afterHooks": [],
          "tests": [
            {
              "title": "Volta para a tela inicial",
              "fullTitle": "18 - [TELA DE RANKING] Crie um botão para ir ao início Volta para a tela inicial",
              "timedOut": null,
              "duration": 243,
              "state": "failed",
              "speed": null,
              "pass": false,
              "fail": true,
              "pending": false,
              "context": null,
              "code": "cy.visit('http://localhost:3000/');\ncy.clearLocalStorage();\ncy.get(INPUT_PLAYER_NAME_SELECTOR).type(name1);\ncy.get(INPUT_PLAYER_EMAIL_SELECTOR).type(email1);\ncy.get(BUTTON_PLAY_SELECTOR).click();\ncy.get(CORRECT_ALTERNATIVE_SELECTOR).click();\ncy.get(BUTTON_NEXT_QUESTION_SELECTOR).click();\ncy.get(CORRECT_ALTERNATIVE_SELECTOR).click();\ncy.get(BUTTON_NEXT_QUESTION_SELECTOR).click();\ncy.get(CORRECT_ALTERNATIVE_SELECTOR).click();\ncy.get(BUTTON_NEXT_QUESTION_SELECTOR).click();\ncy.get(CORRECT_ALTERNATIVE_SELECTOR).click();\ncy.get(BUTTON_NEXT_QUESTION_SELECTOR).click();\ncy.get(CORRECT_ALTERNATIVE_SELECTOR).click();\ncy.get(BUTTON_NEXT_QUESTION_SELECTOR).click();\ncy.get(BUTTON_RANKING_SELECTOR).click();\ncy.get(BUTTON_GO_HOME_SELECTOR).click();\ncy.get(INPUT_PLAYER_EMAIL_SELECTOR).should('exist');\nvar storage = Object.keys(localStorage).length;\nexpect(storage).to.be.lessThan(4);",
              "err": {
                "message": "Uncaught Error: Module build failed (from ./node_modules/babel-loader/lib/index.js):\nSyntaxError: /home/alexandremolive/Documents/sd-010-a-project-trivia-react-redux/src/pages/Feedback.js: Unexpected token (21:2)\n\n  19 |   getScoreStorage() {\n  20 |     const scoreStorage = \n> 21 |   }\n     |   ^\n  22 | \n  23 |   render() {\n  24 |     const { getName, getUrl, getScore } = this.props;\n    at Object.raise (/home/alexandremolive/Documents/sd-010-a-project-trivia-react-redux/node_modules/@babel/parser/lib/index.js:7012:17)\n    at Object.unexpected (/home/alexandremolive/Documents/sd-010-a-project-trivia-react-redux/node_modules/@babel/parser/lib/index.js:8405:16)\n    at Object.parseExprAtom (/home/alexandremolive/Documents/sd-010-a-project-trivia-react-redux/node_modules/@babel/parser/lib/index.js:9661:20)\n    at Object.parseExprAtom (/home/alexandremolive/Documents/sd-010-a-project-trivia-react-redux/node_modules/@babel/parser/lib/index.js:4126:20)\n    at Object.parseExprSubscripts (/home/alexandremolive/Documents/sd-010-a-project-trivia-react-redux/node_modules/@babel/parser/lib/index.js:9237:23)\n    at Object.parseMaybeUnary (/home/alexandremolive/Documents/sd-010-a-project-trivia-react-redux/node_modules/@babel/parser/lib/index.js:9217:21)\n    at Object.parseExprOps (/home/alexandremolive/Documents/sd-010-a-project-trivia-react-redux/node_modules/@babel/parser/lib/index.js:9083:23)\n    at Object.parseMaybeConditional (/home/alexandremolive/Documents/sd-010-a-project-trivia-react-redux/node_modules/@babel/parser/lib/index.js:9056:23)\n    at Object.parseMaybeAssign (/home/alexandremolive/Documents/sd-010-a-project-trivia-react-redux/node_modules/@babel/parser/lib/index.js:9015:21)\n    at Object.parseMaybeAssign (/home/alexandremolive/Documents/sd-010-a-project-trivia-react-redux/node_modules/@babel/parser/lib/index.js:2774:18)\n    at Object.parseVar (/home/alexandremolive/Documents/sd-010-a-project-trivia-react-redux/node_modules/@babel/parser/lib/index.js:11341:26)\n    at Object.parseVarStatement (/home/alexandremolive/Documents/sd-010-a-project-trivia-react-redux/node_modules/@babel/parser/lib/index.js:11160:10)\n    at Object.parseStatementContent (/home/alexandremolive/Documents/sd-010-a-project-trivia-react-redux/node_modules/@babel/parser/lib/index.js:10757:21)\n    at Object.parseStatement (/home/alexandremolive/Documents/sd-010-a-project-trivia-react-redux/node_modules/@babel/parser/lib/index.js:10690:17)\n    at Object.parseStatement (/home/alexandremolive/Documents/sd-010-a-project-trivia-react-redux/node_modules/@babel/parser/lib/index.js:2079:26)\n    at Object.parseBlockOrModuleBlockBody (/home/alexandremolive/Documents/sd-010-a-project-trivia-react-redux/node_modules/@babel/parser/lib/index.js:11266:25)\n\nThis error originated from your application code, not from Cypress.\n\nWhen Cypress detects uncaught errors originating from your application it will automatically fail the current test.\n\nThis behavior is configurable, and you can choose to turn this off by listening to the 'uncaught:exception' event.\n\nhttps://on.cypress.io/uncaught-exception-from-application",
                "estack": "Uncaught Error: Module build failed (from ./node_modules/babel-loader/lib/index.js):\nSyntaxError: /home/alexandremolive/Documents/sd-010-a-project-trivia-react-redux/src/pages/Feedback.js: Unexpected token (21:2)\n\n  19 |   getScoreStorage() {\n  20 |     const scoreStorage = \n> 21 |   }\n     |   ^\n  22 | \n  23 |   render() {\n  24 |     const { getName, getUrl, getScore } = this.props;\n    at Object.raise (/home/alexandremolive/Documents/sd-010-a-project-trivia-react-redux/node_modules/@babel/parser/lib/index.js:7012:17)\n    at Object.unexpected (/home/alexandremolive/Documents/sd-010-a-project-trivia-react-redux/node_modules/@babel/parser/lib/index.js:8405:16)\n    at Object.parseExprAtom (/home/alexandremolive/Documents/sd-010-a-project-trivia-react-redux/node_modules/@babel/parser/lib/index.js:9661:20)\n    at Object.parseExprAtom (/home/alexandremolive/Documents/sd-010-a-project-trivia-react-redux/node_modules/@babel/parser/lib/index.js:4126:20)\n    at Object.parseExprSubscripts (/home/alexandremolive/Documents/sd-010-a-project-trivia-react-redux/node_modules/@babel/parser/lib/index.js:9237:23)\n    at Object.parseMaybeUnary (/home/alexandremolive/Documents/sd-010-a-project-trivia-react-redux/node_modules/@babel/parser/lib/index.js:9217:21)\n    at Object.parseExprOps (/home/alexandremolive/Documents/sd-010-a-project-trivia-react-redux/node_modules/@babel/parser/lib/index.js:9083:23)\n    at Object.parseMaybeConditional (/home/alexandremolive/Documents/sd-010-a-project-trivia-react-redux/node_modules/@babel/parser/lib/index.js:9056:23)\n    at Object.parseMaybeAssign (/home/alexandremolive/Documents/sd-010-a-project-trivia-react-redux/node_modules/@babel/parser/lib/index.js:9015:21)\n    at Object.parseMaybeAssign (/home/alexandremolive/Documents/sd-010-a-project-trivia-react-redux/node_modules/@babel/parser/lib/index.js:2774:18)\n    at Object.parseVar (/home/alexandremolive/Documents/sd-010-a-project-trivia-react-redux/node_modules/@babel/parser/lib/index.js:11341:26)\n    at Object.parseVarStatement (/home/alexandremolive/Documents/sd-010-a-project-trivia-react-redux/node_modules/@babel/parser/lib/index.js:11160:10)\n    at Object.parseStatementContent (/home/alexandremolive/Documents/sd-010-a-project-trivia-react-redux/node_modules/@babel/parser/lib/index.js:10757:21)\n    at Object.parseStatement (/home/alexandremolive/Documents/sd-010-a-project-trivia-react-redux/node_modules/@babel/parser/lib/index.js:10690:17)\n    at Object.parseStatement (/home/alexandremolive/Documents/sd-010-a-project-trivia-react-redux/node_modules/@babel/parser/lib/index.js:2079:26)\n    at Object.parseBlockOrModuleBlockBody (/home/alexandremolive/Documents/sd-010-a-project-trivia-react-redux/node_modules/@babel/parser/lib/index.js:11266:25)\n\nThis error originated from your application code, not from Cypress.\n\nWhen Cypress detects uncaught errors originating from your application it will automatically fail the current test.\n\nThis behavior is configurable, and you can choose to turn this off by listening to the 'uncaught:exception' event.\n\nhttps://on.cypress.io/uncaught-exception-from-application\n    at Object../src/pages/Feedback.js (http://localhost:3000/static/js/main.chunk.js:354:7)\n    at __webpack_require__ (http://localhost:3000/static/js/bundle.js:786:30)\n    at fn (http://localhost:3000/static/js/bundle.js:151:20)\n    at Module../src/App.js (http://localhost:3000/static/js/main.chunk.js:111:73)\n    at __webpack_require__ (http://localhost:3000/static/js/bundle.js:786:30)\n    at fn (http://localhost:3000/static/js/bundle.js:151:20)\n    at Module../src/index.js (http://localhost:3000/static/js/main.chunk.js:311:62)\n    at __webpack_require__ (http://localhost:3000/static/js/bundle.js:786:30)\n    at fn (http://localhost:3000/static/js/bundle.js:151:20)\n    at Object.1 (http://localhost:3000/static/js/main.chunk.js:1456:18)\n    at __webpack_require__ (http://localhost:3000/static/js/bundle.js:786:30)\n    at checkDeferredModules (http://localhost:3000/static/js/bundle.js:46:23)\n    at Array.webpackJsonpCallback [as push] (http://localhost:3000/static/js/bundle.js:33:19)\n    at http://localhost:3000/static/js/main.chunk.js:1:75",
                "diff": null
              },
              "uuid": "cc93516c-0512-4bbc-b375-13bc555fd72e",
              "parentUUID": "5f976b4d-fc60-4df8-aaf3-2e1adb11fb98",
              "isHook": false,
              "skipped": false
            }
          ],
          "suites": [],
          "passes": [],
          "failures": [
            "cc93516c-0512-4bbc-b375-13bc555fd72e"
          ],
          "pending": [],
          "skipped": [],
          "duration": 243,
          "root": false,
          "rootEmpty": false,
          "_timeout": 2000
        }
      ],
      "passes": [],
      "failures": [],
      "pending": [],
      "skipped": [],
      "duration": 0,
      "root": true,
      "rootEmpty": true,
      "_timeout": 2000
    }
  ],
  "meta": {
    "mocha": {
      "version": "7.2.0"
    },
    "mochawesome": {
      "options": {
        "quiet": false,
        "reportFilename": "mochawesome",
        "saveHtml": false,
        "saveJson": true,
        "consoleReporter": "spec",
        "useInlineDiffs": false,
        "code": true
      },
      "version": "6.1.1"
    },
    "marge": {
      "options": {
        "id": "default",
        "reportDir": "cypress/reports",
        "overwrite": true,
        "html": false,
        "json": true
      },
      "version": "5.1.0"
    }
  }
}